2016-11-03 10:02:33.942843|INFO    |VirtualServer |1  |listening on 0.0.0.0:9987, :::9987
2016-11-03 17:22:23.289227|INFO    |PktHandler    |1  |Dropping client 2 because of ping timeout 19 0 0
2016-11-03 20:42:25.120693|INFO    |VirtualServer |1  |client (id:5) was added to servergroup 'Juanismo'(id:28) by client 'Igna'(id:2)
2016-11-03 20:42:33.463170|INFO    |VirtualServer |1  |client (id:5) was removed from servergroup 'Juanismo'(id:28) by client 'SKT OnePunchLee'(id:5)
2016-11-03 23:20:27.272041|INFO    |VirtualServer |1  |client (id:14) was added to servergroup 'Netdecker'(id:33) by client 'SKT OnePunchLee'(id:5)
2016-11-03 23:20:32.547343|INFO    |VirtualServer |1  |client (id:14) was removed from servergroup 'Netdecker'(id:33) by client 'SKT OnePunchLee'(id:5)
2016-11-03 23:20:38.638691|INFO    |VirtualServer |1  |client (id:14) was added to servergroup 'Inverbe'(id:35) by client 'SKT OnePunchLee'(id:5)
2016-11-03 23:20:50.222354|INFO    |VirtualServer |1  |client (id:14) was removed from servergroup 'Inverbe'(id:35) by client '[Revolucion] Nacho'(id:14)
2016-11-03 23:21:06.680295|INFO    |VirtualServer |1  |servergroup 'Es un payaso este tipo'(id:38) was added by 'SKT OnePunchLee'(id:5)
2016-11-03 23:21:06.820303|INFO    |VirtualServer |1  |permission 'i_group_auto_update_type'(id:146) with values (value:30, negated:0, skipchannel:0) was added by 'SKT OnePunchLee'(id:5) to servergroup 'Es un payaso este tipo'(id:38)
2016-11-03 23:21:06.820303|INFO    |VirtualServer |1  |permission 'b_virtualserver_token_use'(id:38) with values (value:1, negated:0, skipchannel:0) was added by 'SKT OnePunchLee'(id:5) to servergroup 'Es un payaso este tipo'(id:38)
2016-11-03 23:21:06.822303|INFO    |VirtualServer |1  |permission 'i_client_poke_power'(id:221) with values (value:50, negated:0, skipchannel:0) was added by 'SKT OnePunchLee'(id:5) to servergroup 'Es un payaso este tipo'(id:38)
2016-11-03 23:21:06.822303|INFO    |VirtualServer |1  |permission 'i_client_max_clones_uid'(id:173) with values (value:2, negated:0, skipchannel:0) was added by 'SKT OnePunchLee'(id:5) to servergroup 'Es un payaso este tipo'(id:38)
2016-11-03 23:21:06.822303|INFO    |VirtualServer |1  |permission 'b_client_permissionoverview_view'(id:190) with values (value:1, negated:0, skipchannel:0) was added by 'SKT OnePunchLee'(id:5) to servergroup 'Es un payaso este tipo'(id:38)
2016-11-03 23:21:06.823303|INFO    |VirtualServer |1  |permission 'b_client_permissionoverview_own'(id:191) with values (value:1, negated:0, skipchannel:0) was added by 'SKT OnePunchLee'(id:5) to servergroup 'Es un payaso este tipo'(id:38)
2016-11-03 23:21:06.823303|INFO    |VirtualServer |1  |permission 'i_client_needed_serverquery_view_power'(id:194) with values (value:75, negated:0, skipchannel:0) was added by 'SKT OnePunchLee'(id:5) to servergroup 'Es un payaso este tipo'(id:38)
2016-11-03 23:21:06.824303|INFO    |VirtualServer |1  |permission 'i_client_needed_complain_power'(id:205) with values (value:50, negated:0, skipchannel:0) was added by 'SKT OnePunchLee'(id:5) to servergroup 'Es un payaso este tipo'(id:38)
2016-11-03 23:21:06.824303|INFO    |VirtualServer |1  |permission 'b_channel_join_permanent'(id:131) with values (value:1, negated:0, skipchannel:0) was added by 'SKT OnePunchLee'(id:5) to servergroup 'Es un payaso este tipo'(id:38)
2016-11-03 23:21:06.824303|INFO    |VirtualServer |1  |permission 'b_channel_join_semi_permanent'(id:132) with values (value:1, negated:0, skipchannel:0) was added by 'SKT OnePunchLee'(id:5) to servergroup 'Es un payaso este tipo'(id:38)
2016-11-03 23:21:06.833304|INFO    |VirtualServer |1  |permission 'b_channel_join_temporary'(id:133) with values (value:1, negated:0, skipchannel:0) was added by 'SKT OnePunchLee'(id:5) to servergroup 'Es un payaso este tipo'(id:38)
2016-11-03 23:21:06.833304|INFO    |VirtualServer |1  |permission 'i_channel_join_power'(id:136) with values (value:50, negated:0, skipchannel:0) was added by 'SKT OnePunchLee'(id:5) to servergroup 'Es un payaso este tipo'(id:38)
2016-11-03 23:21:06.834304|INFO    |VirtualServer |1  |permission 'i_channel_description_view_power'(id:140) with values (value:50, negated:0, skipchannel:0) was added by 'SKT OnePunchLee'(id:5) to servergroup 'Es un payaso este tipo'(id:38)
2016-11-03 23:21:06.834304|INFO    |VirtualServer |1  |permission 'i_client_needed_ban_power'(id:201) with values (value:50, negated:0, skipchannel:0) was added by 'SKT OnePunchLee'(id:5) to servergroup 'Es un payaso este tipo'(id:38)
2016-11-03 23:21:06.834304|INFO    |VirtualServer |1  |permission 'i_client_needed_kick_from_server_power'(id:197) with values (value:50, negated:0, skipchannel:0) was added by 'SKT OnePunchLee'(id:5) to servergroup 'Es un payaso este tipo'(id:38)
2016-11-03 23:21:06.835304|INFO    |VirtualServer |1  |permission 'i_client_needed_kick_from_channel_power'(id:199) with values (value:50, negated:0, skipchannel:0) was added by 'SKT OnePunchLee'(id:5) to servergroup 'Es un payaso este tipo'(id:38)
2016-11-03 23:21:06.849305|INFO    |VirtualServer |1  |permission 'i_group_needed_member_add_power'(id:164) with values (value:60, negated:0, skipchannel:0) was added by 'SKT OnePunchLee'(id:5) to servergroup 'Es un payaso este tipo'(id:38)
2016-11-03 23:21:06.852305|INFO    |VirtualServer |1  |permission 'i_group_needed_member_remove_power'(id:166) with values (value:60, negated:0, skipchannel:0) was added by 'SKT OnePunchLee'(id:5) to servergroup 'Es un payaso este tipo'(id:38)
2016-11-03 23:21:06.852305|INFO    |VirtualServer |1  |permission 'b_virtualserver_connectioninfo_view'(id:24) with values (value:1, negated:0, skipchannel:0) was added by 'SKT OnePunchLee'(id:5) to servergroup 'Es un payaso este tipo'(id:38)
2016-11-03 23:21:06.852305|INFO    |VirtualServer |1  |permission 'i_channel_modify_power'(id:121) with values (value:50, negated:0, skipchannel:0) was added by 'SKT OnePunchLee'(id:5) to servergroup 'Es un payaso este tipo'(id:38)
2016-11-03 23:21:06.853305|INFO    |VirtualServer |1  |permission 'i_client_needed_move_power'(id:203) with values (value:50, negated:0, skipchannel:0) was added by 'SKT OnePunchLee'(id:5) to servergroup 'Es un payaso este tipo'(id:38)
2016-11-03 23:21:06.853305|INFO    |VirtualServer |1  |permission 'b_channel_create_child'(id:82) with values (value:1, negated:0, skipchannel:0) was added by 'SKT OnePunchLee'(id:5) to servergroup 'Es un payaso este tipo'(id:38)
2016-11-03 23:21:06.853305|INFO    |VirtualServer |1  |permission 'b_channel_create_semi_permanent'(id:84) with values (value:1, negated:0, skipchannel:0) was added by 'SKT OnePunchLee'(id:5) to servergroup 'Es un payaso este tipo'(id:38)
2016-11-03 23:21:06.854305|INFO    |VirtualServer |1  |permission 'b_channel_create_temporary'(id:85) with values (value:1, negated:0, skipchannel:0) was added by 'SKT OnePunchLee'(id:5) to servergroup 'Es un payaso este tipo'(id:38)
2016-11-03 23:21:06.854305|INFO    |VirtualServer |1  |permission 'b_channel_create_with_topic'(id:87) with values (value:1, negated:0, skipchannel:0) was added by 'SKT OnePunchLee'(id:5) to servergroup 'Es un payaso este tipo'(id:38)
2016-11-03 23:21:06.854305|INFO    |VirtualServer |1  |permission 'b_channel_create_with_description'(id:88) with values (value:1, negated:0, skipchannel:0) was added by 'SKT OnePunchLee'(id:5) to servergroup 'Es un payaso este tipo'(id:38)
2016-11-03 23:21:06.854305|INFO    |VirtualServer |1  |permission 'b_channel_create_with_password'(id:89) with values (value:1, negated:0, skipchannel:0) was added by 'SKT OnePunchLee'(id:5) to servergroup 'Es un payaso este tipo'(id:38)
2016-11-03 23:21:06.855305|INFO    |VirtualServer |1  |permission 'b_channel_create_modify_with_codec_speex8'(id:90) with values (value:1, negated:0, skipchannel:0) was added by 'SKT OnePunchLee'(id:5) to servergroup 'Es un payaso este tipo'(id:38)
2016-11-03 23:21:06.855305|INFO    |VirtualServer |1  |permission 'b_channel_create_modify_with_codec_speex16'(id:91) with values (value:1, negated:0, skipchannel:0) was added by 'SKT OnePunchLee'(id:5) to servergroup 'Es un payaso este tipo'(id:38)
2016-11-03 23:21:06.855305|INFO    |VirtualServer |1  |permission 'b_channel_create_modify_with_codec_speex32'(id:92) with values (value:1, negated:0, skipchannel:0) was added by 'SKT OnePunchLee'(id:5) to servergroup 'Es un payaso este tipo'(id:38)
2016-11-03 23:21:06.856305|INFO    |VirtualServer |1  |permission 'i_channel_create_modify_with_codec_latency_factor_min'(id:97) with values (value:1, negated:0, skipchannel:0) was added by 'SKT OnePunchLee'(id:5) to servergroup 'Es un payaso este tipo'(id:38)
2016-11-03 23:21:06.856305|INFO    |VirtualServer |1  |permission 'b_channel_create_with_maxclients'(id:98) with values (value:1, negated:0, skipchannel:0) was added by 'SKT OnePunchLee'(id:5) to servergroup 'Es un payaso este tipo'(id:38)
2016-11-03 23:21:06.857305|INFO    |VirtualServer |1  |permission 'b_channel_create_with_maxfamilyclients'(id:99) with values (value:1, negated:0, skipchannel:0) was added by 'SKT OnePunchLee'(id:5) to servergroup 'Es un payaso este tipo'(id:38)
2016-11-03 23:21:06.857305|INFO    |VirtualServer |1  |permission 'b_channel_create_with_needed_talk_power'(id:102) with values (value:1, negated:0, skipchannel:0) was added by 'SKT OnePunchLee'(id:5) to servergroup 'Es un payaso este tipo'(id:38)
2016-11-03 23:21:06.857305|INFO    |VirtualServer |1  |permission 'i_channel_create_modify_with_codec_maxquality'(id:96) with values (value:7, negated:0, skipchannel:0) was added by 'SKT OnePunchLee'(id:5) to servergroup 'Es un payaso este tipo'(id:38)
2016-11-03 23:21:06.858305|INFO    |VirtualServer |1  |permission 'i_channel_max_depth'(id:77) with values (value:5, negated:0, skipchannel:0) was added by 'SKT OnePunchLee'(id:5) to servergroup 'Es un payaso este tipo'(id:38)
2016-11-03 23:21:06.859305|INFO    |VirtualServer |1  |permission 'i_channel_delete_power'(id:129) with values (value:60, negated:0, skipchannel:0) was added by 'SKT OnePunchLee'(id:5) to servergroup 'Es un payaso este tipo'(id:38)
2016-11-03 23:21:06.860305|INFO    |VirtualServer |1  |permission 'b_channel_delete_semi_permanent'(id:126) with values (value:1, negated:0, skipchannel:0) was added by 'SKT OnePunchLee'(id:5) to servergroup 'Es un payaso este tipo'(id:38)
2016-11-03 23:21:06.860305|INFO    |VirtualServer |1  |permission 'b_channel_delete_temporary'(id:127) with values (value:1, negated:0, skipchannel:0) was added by 'SKT OnePunchLee'(id:5) to servergroup 'Es un payaso este tipo'(id:38)
2016-11-03 23:21:06.862305|INFO    |VirtualServer |1  |permission 'b_channel_delete_flag_force'(id:128) with values (value:1, negated:0, skipchannel:0) was added by 'SKT OnePunchLee'(id:5) to servergroup 'Es un payaso este tipo'(id:38)
2016-11-03 23:21:06.863305|INFO    |VirtualServer |1  |permission 'i_client_max_avatar_filesize'(id:175) with values (value:200000, negated:0, skipchannel:0) was added by 'SKT OnePunchLee'(id:5) to servergroup 'Es un payaso este tipo'(id:38)
2016-11-03 23:21:06.864305|INFO    |VirtualServer |1  |permission 'i_client_max_channel_subscriptions'(id:176) with values (value:-1, negated:0, skipchannel:0) was added by 'SKT OnePunchLee'(id:5) to servergroup 'Es un payaso este tipo'(id:38)
2016-11-03 23:21:06.866306|INFO    |VirtualServer |1  |permission 'i_channel_subscribe_power'(id:138) with values (value:50, negated:0, skipchannel:0) was added by 'SKT OnePunchLee'(id:5) to servergroup 'Es un payaso este tipo'(id:38)
2016-11-03 23:21:06.867306|INFO    |VirtualServer |1  |permission 'i_client_private_textmessage_power'(id:214) with values (value:50, negated:0, skipchannel:0) was added by 'SKT OnePunchLee'(id:5) to servergroup 'Es un payaso este tipo'(id:38)
2016-11-03 23:21:06.867306|INFO    |VirtualServer |1  |permission 'b_client_channel_textmessage_send'(id:217) with values (value:1, negated:0, skipchannel:0) was added by 'SKT OnePunchLee'(id:5) to servergroup 'Es un payaso este tipo'(id:38)
2016-11-03 23:21:06.868306|INFO    |VirtualServer |1  |permission 'b_client_offline_textmessage_send'(id:218) with values (value:1, negated:0, skipchannel:0) was added by 'SKT OnePunchLee'(id:5) to servergroup 'Es un payaso este tipo'(id:38)
2016-11-03 23:21:06.869306|INFO    |VirtualServer |1  |permission 'i_ft_file_delete_power'(id:237) with values (value:50, negated:0, skipchannel:0) was added by 'SKT OnePunchLee'(id:5) to servergroup 'Es un payaso este tipo'(id:38)
2016-11-03 23:21:06.869306|INFO    |VirtualServer |1  |permission 'i_ft_file_rename_power'(id:239) with values (value:50, negated:0, skipchannel:0) was added by 'SKT OnePunchLee'(id:5) to servergroup 'Es un payaso este tipo'(id:38)
2016-11-03 23:21:06.869306|INFO    |VirtualServer |1  |permission 'i_ft_directory_create_power'(id:243) with values (value:50, negated:0, skipchannel:0) was added by 'SKT OnePunchLee'(id:5) to servergroup 'Es un payaso este tipo'(id:38)
2016-11-03 23:21:06.869306|INFO    |VirtualServer |1  |permission 'i_ft_file_upload_power'(id:233) with values (value:50, negated:0, skipchannel:0) was added by 'SKT OnePunchLee'(id:5) to servergroup 'Es un payaso este tipo'(id:38)
2016-11-03 23:21:06.870306|INFO    |VirtualServer |1  |permission 'i_ft_quota_mb_upload_per_client'(id:246) with values (value:-1, negated:0, skipchannel:0) was added by 'SKT OnePunchLee'(id:5) to servergroup 'Es un payaso este tipo'(id:38)
2016-11-03 23:21:06.870306|INFO    |VirtualServer |1  |permission 'i_ft_file_download_power'(id:235) with values (value:50, negated:0, skipchannel:0) was added by 'SKT OnePunchLee'(id:5) to servergroup 'Es un payaso este tipo'(id:38)
2016-11-03 23:21:06.870306|INFO    |VirtualServer |1  |permission 'i_ft_quota_mb_download_per_client'(id:245) with values (value:-1, negated:0, skipchannel:0) was added by 'SKT OnePunchLee'(id:5) to servergroup 'Es un payaso este tipo'(id:38)
2016-11-03 23:21:06.870306|INFO    |VirtualServer |1  |permission 'i_ft_file_browse_power'(id:241) with values (value:50, negated:0, skipchannel:0) was added by 'SKT OnePunchLee'(id:5) to servergroup 'Es un payaso este tipo'(id:38)
2016-11-03 23:22:26.057835|INFO    |VirtualServer |1  |permission 'i_icon_id'(id:142) with values (value:378479567, negated:0, skipchannel:0) was added by 'SKT OnePunchLee'(id:5) to servergroup 'Es un payaso este tipo'(id:38)
2016-11-03 23:22:33.493260|INFO    |VirtualServer |1  |client (id:11) was added to servergroup 'Es un payaso este tipo'(id:38) by client 'SKT OnePunchLee'(id:5)
2016-11-04 00:12:14.241749|INFO    |VirtualServer |1  |client (id:7) was added to servergroup 'Juanismo'(id:28) by client 'rasals'(id:6)
2016-11-04 00:12:19.584055|INFO    |VirtualServer |1  |client (id:7) was removed from servergroup 'Juanismo'(id:28) by client 'rasals'(id:6)
2016-11-04 00:38:16.354097|INFO    |VirtualServer |1  |client (id:14) was added to servergroup 'Frase del dia'(id:36) by client 'SKT OnePunchLee'(id:5)
2016-11-04 01:02:02.386661|INFO    |VirtualServer |1  |client (id:13) was removed from servergroup 'Boludo'(id:34) by client 'SKT OnePunchLee'(id:5)
2016-11-04 01:02:18.035557|INFO    |VirtualServer |1  |client (id:13) was added to servergroup 'Especial'(id:20) by client 'rasals'(id:6)
2016-11-04 01:02:30.694281|INFO    |VirtualServer |1  |client (id:13) was removed from servergroup 'Especial'(id:20) by client 'SKT OnePunchLee'(id:5)
2016-11-04 01:02:47.664251|INFO    |VirtualServer |1  |client (id:7) was added to servergroup 'Es un payaso este tipo'(id:38) by client 'SKT OnePunchLee'(id:5)
2016-11-04 01:03:10.987585|INFO    |VirtualServer |1  |client (id:7) was added to servergroup 'Overwatch'(id:24) by client 'Black Rebellion'(id:7)
2016-11-04 01:03:12.184654|INFO    |VirtualServer |1  |client (id:7) was added to servergroup 'Juanismo'(id:28) by client 'rasals'(id:6)
2016-11-04 01:03:17.340949|INFO    |VirtualServer |1  |client (id:7) was removed from servergroup 'Juanismo'(id:28) by client 'SKT OnePunchLee'(id:5)
2016-11-04 01:03:23.267288|INFO    |VirtualServer |1  |client (id:7) was added to servergroup 'Juanismo'(id:28) by client 'rasals'(id:6)
2016-11-04 01:03:44.828521|INFO    |VirtualServer |1  |client (id:7) was removed from servergroup 'Juanismo'(id:28) by client 'Black Rebellion'(id:7)
2016-11-04 01:03:51.766918|INFO    |VirtualServer |1  |client (id:7) was added to servergroup 'Battlerite'(id:23) by client 'Black Rebellion'(id:7)
2016-11-04 01:44:04.858939|INFO    |VirtualServer |1  |client (id:13) was added to servergroup 'Normie'(id:7) by client 'rasals'(id:6)
2016-11-04 01:44:21.739904|INFO    |VirtualServer |1  |client (id:13) was removed from servergroup 'Normie'(id:7) by client 'rasals'(id:6)
2016-11-04 01:44:34.415629|INFO    |VirtualServer |1  |client (id:2) was added to servergroup 'Normie'(id:7) by client 'rasals'(id:6)
2016-11-04 01:44:40.747991|INFO    |VirtualServer |1  |client (id:2) was removed from servergroup 'Normie'(id:7) by client 'rasals'(id:6)
2016-11-04 01:57:16.851238|INFO    |PktHandler    |1  |Dropping client 7 because of ping timeout 19 0 0
2016-11-04 02:34:55.010397|INFO    |PktHandler    |1  |Dropping client 2 because of ping timeout 19 0 0
2016-11-04 03:11:05.110520|INFO    |VirtualServer |1  |client (id:14) was removed from servergroup 'Frase del dia'(id:36) by client '[Revolucion] Nacho'(id:14)
2016-11-04 17:53:29.024739|INFO    |VirtualServer |1  |client (id:8) was added to servergroup 'Esclavo De Mercado Libre'(id:37) by client 'SKT OnePunchLee'(id:5)
2016-11-04 17:53:36.293154|INFO    |VirtualServer |1  |client (id:8) was removed from servergroup 'Esclavo De Mercado Libre'(id:37) by client 'SKT OnePunchLee'(id:5)
2016-11-04 19:39:12.059539|INFO    |PktHandler    |1  |Cleaning up connection because of 13 resends of COMMAND packet
2016-11-04 19:39:12.059539|INFO    |PktHandler    |1  |Dropping client 9 because of resend timeout
2016-11-04 22:39:20.480746|INFO    |VirtualServer |1  |servergroup 'Keysho!!!!!!!!'(id:39) was added by 'SKT OnePunchLee'(id:5)
2016-11-04 22:39:20.607753|INFO    |VirtualServer |1  |permission 'i_group_auto_update_type'(id:146) with values (value:30, negated:0, skipchannel:0) was added by 'SKT OnePunchLee'(id:5) to servergroup 'Keysho!!!!!!!!'(id:39)
2016-11-04 22:39:20.608753|INFO    |VirtualServer |1  |permission 'b_virtualserver_token_use'(id:38) with values (value:1, negated:0, skipchannel:0) was added by 'SKT OnePunchLee'(id:5) to servergroup 'Keysho!!!!!!!!'(id:39)
2016-11-04 22:39:20.608753|INFO    |VirtualServer |1  |permission 'i_client_poke_power'(id:221) with values (value:50, negated:0, skipchannel:0) was added by 'SKT OnePunchLee'(id:5) to servergroup 'Keysho!!!!!!!!'(id:39)
2016-11-04 22:39:20.608753|INFO    |VirtualServer |1  |permission 'i_client_max_clones_uid'(id:173) with values (value:2, negated:0, skipchannel:0) was added by 'SKT OnePunchLee'(id:5) to servergroup 'Keysho!!!!!!!!'(id:39)
2016-11-04 22:39:20.608753|INFO    |VirtualServer |1  |permission 'b_client_permissionoverview_view'(id:190) with values (value:1, negated:0, skipchannel:0) was added by 'SKT OnePunchLee'(id:5) to servergroup 'Keysho!!!!!!!!'(id:39)
2016-11-04 22:39:20.609753|INFO    |VirtualServer |1  |permission 'b_client_permissionoverview_own'(id:191) with values (value:1, negated:0, skipchannel:0) was added by 'SKT OnePunchLee'(id:5) to servergroup 'Keysho!!!!!!!!'(id:39)
2016-11-04 22:39:20.609753|INFO    |VirtualServer |1  |permission 'i_client_needed_serverquery_view_power'(id:194) with values (value:75, negated:0, skipchannel:0) was added by 'SKT OnePunchLee'(id:5) to servergroup 'Keysho!!!!!!!!'(id:39)
2016-11-04 22:39:20.609753|INFO    |VirtualServer |1  |permission 'i_client_needed_complain_power'(id:205) with values (value:50, negated:0, skipchannel:0) was added by 'SKT OnePunchLee'(id:5) to servergroup 'Keysho!!!!!!!!'(id:39)
2016-11-04 22:39:20.610753|INFO    |VirtualServer |1  |permission 'b_channel_join_permanent'(id:131) with values (value:1, negated:0, skipchannel:0) was added by 'SKT OnePunchLee'(id:5) to servergroup 'Keysho!!!!!!!!'(id:39)
2016-11-04 22:39:20.610753|INFO    |VirtualServer |1  |permission 'b_channel_join_semi_permanent'(id:132) with values (value:1, negated:0, skipchannel:0) was added by 'SKT OnePunchLee'(id:5) to servergroup 'Keysho!!!!!!!!'(id:39)
2016-11-04 22:39:20.610753|INFO    |VirtualServer |1  |permission 'b_channel_join_temporary'(id:133) with values (value:1, negated:0, skipchannel:0) was added by 'SKT OnePunchLee'(id:5) to servergroup 'Keysho!!!!!!!!'(id:39)
2016-11-04 22:39:20.610753|INFO    |VirtualServer |1  |permission 'i_channel_join_power'(id:136) with values (value:50, negated:0, skipchannel:0) was added by 'SKT OnePunchLee'(id:5) to servergroup 'Keysho!!!!!!!!'(id:39)
2016-11-04 22:39:20.611753|INFO    |VirtualServer |1  |permission 'i_channel_description_view_power'(id:140) with values (value:50, negated:0, skipchannel:0) was added by 'SKT OnePunchLee'(id:5) to servergroup 'Keysho!!!!!!!!'(id:39)
2016-11-04 22:39:20.611753|INFO    |VirtualServer |1  |permission 'i_client_needed_ban_power'(id:201) with values (value:50, negated:0, skipchannel:0) was added by 'SKT OnePunchLee'(id:5) to servergroup 'Keysho!!!!!!!!'(id:39)
2016-11-04 22:39:20.611753|INFO    |VirtualServer |1  |permission 'i_client_needed_kick_from_server_power'(id:197) with values (value:50, negated:0, skipchannel:0) was added by 'SKT OnePunchLee'(id:5) to servergroup 'Keysho!!!!!!!!'(id:39)
2016-11-04 22:39:20.611753|INFO    |VirtualServer |1  |permission 'i_client_needed_kick_from_channel_power'(id:199) with values (value:50, negated:0, skipchannel:0) was added by 'SKT OnePunchLee'(id:5) to servergroup 'Keysho!!!!!!!!'(id:39)
2016-11-04 22:39:20.646755|INFO    |VirtualServer |1  |permission 'i_group_needed_member_add_power'(id:164) with values (value:60, negated:0, skipchannel:0) was added by 'SKT OnePunchLee'(id:5) to servergroup 'Keysho!!!!!!!!'(id:39)
2016-11-04 22:39:20.647755|INFO    |VirtualServer |1  |permission 'i_group_needed_member_remove_power'(id:166) with values (value:60, negated:0, skipchannel:0) was added by 'SKT OnePunchLee'(id:5) to servergroup 'Keysho!!!!!!!!'(id:39)
2016-11-04 22:39:20.648755|INFO    |VirtualServer |1  |permission 'b_virtualserver_connectioninfo_view'(id:24) with values (value:1, negated:0, skipchannel:0) was added by 'SKT OnePunchLee'(id:5) to servergroup 'Keysho!!!!!!!!'(id:39)
2016-11-04 22:39:20.648755|INFO    |VirtualServer |1  |permission 'i_channel_modify_power'(id:121) with values (value:50, negated:0, skipchannel:0) was added by 'SKT OnePunchLee'(id:5) to servergroup 'Keysho!!!!!!!!'(id:39)
2016-11-04 22:39:20.648755|INFO    |VirtualServer |1  |permission 'i_client_needed_move_power'(id:203) with values (value:50, negated:0, skipchannel:0) was added by 'SKT OnePunchLee'(id:5) to servergroup 'Keysho!!!!!!!!'(id:39)
2016-11-04 22:39:20.648755|INFO    |VirtualServer |1  |permission 'b_channel_create_child'(id:82) with values (value:1, negated:0, skipchannel:0) was added by 'SKT OnePunchLee'(id:5) to servergroup 'Keysho!!!!!!!!'(id:39)
2016-11-04 22:39:20.649755|INFO    |VirtualServer |1  |permission 'b_channel_create_semi_permanent'(id:84) with values (value:1, negated:0, skipchannel:0) was added by 'SKT OnePunchLee'(id:5) to servergroup 'Keysho!!!!!!!!'(id:39)
2016-11-04 22:39:20.649755|INFO    |VirtualServer |1  |permission 'b_channel_create_temporary'(id:85) with values (value:1, negated:0, skipchannel:0) was added by 'SKT OnePunchLee'(id:5) to servergroup 'Keysho!!!!!!!!'(id:39)
2016-11-04 22:39:20.649755|INFO    |VirtualServer |1  |permission 'b_channel_create_with_topic'(id:87) with values (value:1, negated:0, skipchannel:0) was added by 'SKT OnePunchLee'(id:5) to servergroup 'Keysho!!!!!!!!'(id:39)
2016-11-04 22:39:20.650756|INFO    |VirtualServer |1  |permission 'b_channel_create_with_description'(id:88) with values (value:1, negated:0, skipchannel:0) was added by 'SKT OnePunchLee'(id:5) to servergroup 'Keysho!!!!!!!!'(id:39)
2016-11-04 22:39:20.650756|INFO    |VirtualServer |1  |permission 'b_channel_create_with_password'(id:89) with values (value:1, negated:0, skipchannel:0) was added by 'SKT OnePunchLee'(id:5) to servergroup 'Keysho!!!!!!!!'(id:39)
2016-11-04 22:39:20.650756|INFO    |VirtualServer |1  |permission 'b_channel_create_modify_with_codec_speex8'(id:90) with values (value:1, negated:0, skipchannel:0) was added by 'SKT OnePunchLee'(id:5) to servergroup 'Keysho!!!!!!!!'(id:39)
2016-11-04 22:39:20.650756|INFO    |VirtualServer |1  |permission 'b_channel_create_modify_with_codec_speex16'(id:91) with values (value:1, negated:0, skipchannel:0) was added by 'SKT OnePunchLee'(id:5) to servergroup 'Keysho!!!!!!!!'(id:39)
2016-11-04 22:39:20.651756|INFO    |VirtualServer |1  |permission 'b_channel_create_modify_with_codec_speex32'(id:92) with values (value:1, negated:0, skipchannel:0) was added by 'SKT OnePunchLee'(id:5) to servergroup 'Keysho!!!!!!!!'(id:39)
2016-11-04 22:39:20.651756|INFO    |VirtualServer |1  |permission 'i_channel_create_modify_with_codec_latency_factor_min'(id:97) with values (value:1, negated:0, skipchannel:0) was added by 'SKT OnePunchLee'(id:5) to servergroup 'Keysho!!!!!!!!'(id:39)
2016-11-04 22:39:20.651756|INFO    |VirtualServer |1  |permission 'b_channel_create_with_maxclients'(id:98) with values (value:1, negated:0, skipchannel:0) was added by 'SKT OnePunchLee'(id:5) to servergroup 'Keysho!!!!!!!!'(id:39)
2016-11-04 22:39:20.651756|INFO    |VirtualServer |1  |permission 'b_channel_create_with_maxfamilyclients'(id:99) with values (value:1, negated:0, skipchannel:0) was added by 'SKT OnePunchLee'(id:5) to servergroup 'Keysho!!!!!!!!'(id:39)
2016-11-04 22:39:20.652756|INFO    |VirtualServer |1  |permission 'b_channel_create_with_needed_talk_power'(id:102) with values (value:1, negated:0, skipchannel:0) was added by 'SKT OnePunchLee'(id:5) to servergroup 'Keysho!!!!!!!!'(id:39)
2016-11-04 22:39:20.652756|INFO    |VirtualServer |1  |permission 'i_channel_create_modify_with_codec_maxquality'(id:96) with values (value:7, negated:0, skipchannel:0) was added by 'SKT OnePunchLee'(id:5) to servergroup 'Keysho!!!!!!!!'(id:39)
2016-11-04 22:39:20.652756|INFO    |VirtualServer |1  |permission 'i_channel_max_depth'(id:77) with values (value:5, negated:0, skipchannel:0) was added by 'SKT OnePunchLee'(id:5) to servergroup 'Keysho!!!!!!!!'(id:39)
2016-11-04 22:39:20.652756|INFO    |VirtualServer |1  |permission 'i_channel_delete_power'(id:129) with values (value:60, negated:0, skipchannel:0) was added by 'SKT OnePunchLee'(id:5) to servergroup 'Keysho!!!!!!!!'(id:39)
2016-11-04 22:39:20.653756|INFO    |VirtualServer |1  |permission 'b_channel_delete_semi_permanent'(id:126) with values (value:1, negated:0, skipchannel:0) was added by 'SKT OnePunchLee'(id:5) to servergroup 'Keysho!!!!!!!!'(id:39)
2016-11-04 22:39:20.653756|INFO    |VirtualServer |1  |permission 'b_channel_delete_temporary'(id:127) with values (value:1, negated:0, skipchannel:0) was added by 'SKT OnePunchLee'(id:5) to servergroup 'Keysho!!!!!!!!'(id:39)
2016-11-04 22:39:20.653756|INFO    |VirtualServer |1  |permission 'b_channel_delete_flag_force'(id:128) with values (value:1, negated:0, skipchannel:0) was added by 'SKT OnePunchLee'(id:5) to servergroup 'Keysho!!!!!!!!'(id:39)
2016-11-04 22:39:20.653756|INFO    |VirtualServer |1  |permission 'i_client_max_avatar_filesize'(id:175) with values (value:200000, negated:0, skipchannel:0) was added by 'SKT OnePunchLee'(id:5) to servergroup 'Keysho!!!!!!!!'(id:39)
2016-11-04 22:39:20.653756|INFO    |VirtualServer |1  |permission 'i_client_max_channel_subscriptions'(id:176) with values (value:-1, negated:0, skipchannel:0) was added by 'SKT OnePunchLee'(id:5) to servergroup 'Keysho!!!!!!!!'(id:39)
2016-11-04 22:39:20.654756|INFO    |VirtualServer |1  |permission 'i_channel_subscribe_power'(id:138) with values (value:50, negated:0, skipchannel:0) was added by 'SKT OnePunchLee'(id:5) to servergroup 'Keysho!!!!!!!!'(id:39)
2016-11-04 22:39:20.655756|INFO    |VirtualServer |1  |permission 'i_client_private_textmessage_power'(id:214) with values (value:50, negated:0, skipchannel:0) was added by 'SKT OnePunchLee'(id:5) to servergroup 'Keysho!!!!!!!!'(id:39)
2016-11-04 22:39:20.655756|INFO    |VirtualServer |1  |permission 'b_client_channel_textmessage_send'(id:217) with values (value:1, negated:0, skipchannel:0) was added by 'SKT OnePunchLee'(id:5) to servergroup 'Keysho!!!!!!!!'(id:39)
2016-11-04 22:39:20.655756|INFO    |VirtualServer |1  |permission 'b_client_offline_textmessage_send'(id:218) with values (value:1, negated:0, skipchannel:0) was added by 'SKT OnePunchLee'(id:5) to servergroup 'Keysho!!!!!!!!'(id:39)
2016-11-04 22:39:20.656756|INFO    |VirtualServer |1  |permission 'i_ft_file_delete_power'(id:237) with values (value:50, negated:0, skipchannel:0) was added by 'SKT OnePunchLee'(id:5) to servergroup 'Keysho!!!!!!!!'(id:39)
2016-11-04 22:39:20.656756|INFO    |VirtualServer |1  |permission 'i_ft_file_rename_power'(id:239) with values (value:50, negated:0, skipchannel:0) was added by 'SKT OnePunchLee'(id:5) to servergroup 'Keysho!!!!!!!!'(id:39)
2016-11-04 22:39:20.656756|INFO    |VirtualServer |1  |permission 'i_ft_directory_create_power'(id:243) with values (value:50, negated:0, skipchannel:0) was added by 'SKT OnePunchLee'(id:5) to servergroup 'Keysho!!!!!!!!'(id:39)
2016-11-04 22:39:20.656756|INFO    |VirtualServer |1  |permission 'i_ft_file_upload_power'(id:233) with values (value:50, negated:0, skipchannel:0) was added by 'SKT OnePunchLee'(id:5) to servergroup 'Keysho!!!!!!!!'(id:39)
2016-11-04 22:39:20.657756|INFO    |VirtualServer |1  |permission 'i_ft_quota_mb_upload_per_client'(id:246) with values (value:-1, negated:0, skipchannel:0) was added by 'SKT OnePunchLee'(id:5) to servergroup 'Keysho!!!!!!!!'(id:39)
2016-11-04 22:39:20.657756|INFO    |VirtualServer |1  |permission 'i_ft_file_download_power'(id:235) with values (value:50, negated:0, skipchannel:0) was added by 'SKT OnePunchLee'(id:5) to servergroup 'Keysho!!!!!!!!'(id:39)
2016-11-04 22:39:20.657756|INFO    |VirtualServer |1  |permission 'i_ft_quota_mb_download_per_client'(id:245) with values (value:-1, negated:0, skipchannel:0) was added by 'SKT OnePunchLee'(id:5) to servergroup 'Keysho!!!!!!!!'(id:39)
2016-11-04 22:39:20.657756|INFO    |VirtualServer |1  |permission 'i_ft_file_browse_power'(id:241) with values (value:50, negated:0, skipchannel:0) was added by 'SKT OnePunchLee'(id:5) to servergroup 'Keysho!!!!!!!!'(id:39)
2016-11-04 22:39:33.069466|INFO    |VirtualServer |1  |permission 'i_icon_id'(id:142) with values (value:-1898530010, negated:0, skipchannel:0) was added by 'SKT OnePunchLee'(id:5) to servergroup 'Keysho!!!!!!!!'(id:39)
2016-11-04 22:39:38.463774|INFO    |VirtualServer |1  |client (id:9) was added to servergroup 'Keysho!!!!!!!!'(id:39) by client 'SKT OnePunchLee'(id:5)
2016-11-04 22:40:24.987435|INFO    |VirtualServer |1  |servergroup 'Keysho!!!!!!!!'(id:39) was renamed to 'Keijo!!!!!!!!' by 'SKT OnePunchLee'(id:5)
2016-11-04 22:42:59.534275|INFO    |VirtualServer |1  |client (id:5) was added to servergroup 'Autista'(id:27) by client 'Greenbeing'(id:9)
2016-11-04 22:43:08.851808|INFO    |VirtualServer |1  |client (id:5) was removed from servergroup 'Autista'(id:27) by client 'Greenbeing'(id:9)
2016-11-04 23:06:00.035235|INFO    |VirtualServer |1  |client (id:9) was added to servergroup 'Inverbe'(id:35) by client '[Revolucion] Nacho'(id:14)
2016-11-04 23:06:05.770563|INFO    |VirtualServer |1  |client (id:9) was removed from servergroup 'Inverbe'(id:35) by client '[Revolucion] Nacho'(id:14)
2016-11-04 23:11:03.517593|INFO    |PktHandler    |1  |Dropping client 2 because of ping timeout 19 0 0
2016-11-05 15:35:14.233101|INFO    |VirtualServer |1  |permission 'b_virtualserver_connectioninfo_view'(id:24) was deleted by 'Igna'(id:2) from servergroup 'Keijo!!!!!!!!'(id:39)
2016-11-05 15:35:14.237101|INFO    |VirtualServer |1  |permission 'b_virtualserver_token_use'(id:38) was deleted by 'Igna'(id:2) from servergroup 'Keijo!!!!!!!!'(id:39)
2016-11-05 15:35:15.997202|INFO    |VirtualServer |1  |permission 'b_channel_create_child'(id:82) was deleted by 'Igna'(id:2) from servergroup 'Keijo!!!!!!!!'(id:39)
2016-11-05 15:35:15.998202|INFO    |VirtualServer |1  |permission 'b_channel_create_semi_permanent'(id:84) was deleted by 'Igna'(id:2) from servergroup 'Keijo!!!!!!!!'(id:39)
2016-11-05 15:35:15.999202|INFO    |VirtualServer |1  |permission 'b_channel_create_temporary'(id:85) was deleted by 'Igna'(id:2) from servergroup 'Keijo!!!!!!!!'(id:39)
2016-11-05 15:35:16.000202|INFO    |VirtualServer |1  |permission 'b_channel_create_with_topic'(id:87) was deleted by 'Igna'(id:2) from servergroup 'Keijo!!!!!!!!'(id:39)
2016-11-05 15:35:16.001202|INFO    |VirtualServer |1  |permission 'b_channel_create_with_description'(id:88) was deleted by 'Igna'(id:2) from servergroup 'Keijo!!!!!!!!'(id:39)
2016-11-05 15:35:16.002202|INFO    |VirtualServer |1  |permission 'b_channel_create_with_password'(id:89) was deleted by 'Igna'(id:2) from servergroup 'Keijo!!!!!!!!'(id:39)
2016-11-05 15:35:16.003202|INFO    |VirtualServer |1  |permission 'b_channel_create_modify_with_codec_speex8'(id:90) was deleted by 'Igna'(id:2) from servergroup 'Keijo!!!!!!!!'(id:39)
2016-11-05 15:35:16.004202|INFO    |VirtualServer |1  |permission 'b_channel_create_modify_with_codec_speex16'(id:91) was deleted by 'Igna'(id:2) from servergroup 'Keijo!!!!!!!!'(id:39)
2016-11-05 15:35:16.005202|INFO    |VirtualServer |1  |permission 'b_channel_create_modify_with_codec_speex32'(id:92) was deleted by 'Igna'(id:2) from servergroup 'Keijo!!!!!!!!'(id:39)
2016-11-05 15:35:16.006202|INFO    |VirtualServer |1  |permission 'i_channel_create_modify_with_codec_maxquality'(id:96) was deleted by 'Igna'(id:2) from servergroup 'Keijo!!!!!!!!'(id:39)
2016-11-05 15:35:16.007202|INFO    |VirtualServer |1  |permission 'i_channel_create_modify_with_codec_latency_factor_min'(id:97) was deleted by 'Igna'(id:2) from servergroup 'Keijo!!!!!!!!'(id:39)
2016-11-05 15:35:16.008203|INFO    |VirtualServer |1  |permission 'b_channel_create_with_maxclients'(id:98) was deleted by 'Igna'(id:2) from servergroup 'Keijo!!!!!!!!'(id:39)
2016-11-05 15:35:16.009203|INFO    |VirtualServer |1  |permission 'b_channel_create_with_maxfamilyclients'(id:99) was deleted by 'Igna'(id:2) from servergroup 'Keijo!!!!!!!!'(id:39)
2016-11-05 15:35:16.009203|INFO    |VirtualServer |1  |permission 'b_channel_create_with_needed_talk_power'(id:102) was deleted by 'Igna'(id:2) from servergroup 'Keijo!!!!!!!!'(id:39)
2016-11-05 15:35:16.011203|INFO    |VirtualServer |1  |permission 'i_channel_modify_power'(id:121) was deleted by 'Igna'(id:2) from servergroup 'Keijo!!!!!!!!'(id:39)
2016-11-05 15:35:16.011203|INFO    |VirtualServer |1  |permission 'b_channel_delete_semi_permanent'(id:126) was deleted by 'Igna'(id:2) from servergroup 'Keijo!!!!!!!!'(id:39)
2016-11-05 15:35:16.013203|INFO    |VirtualServer |1  |permission 'b_channel_delete_temporary'(id:127) was deleted by 'Igna'(id:2) from servergroup 'Keijo!!!!!!!!'(id:39)
2016-11-05 15:35:16.016203|INFO    |VirtualServer |1  |permission 'b_channel_delete_flag_force'(id:128) was deleted by 'Igna'(id:2) from servergroup 'Keijo!!!!!!!!'(id:39)
2016-11-05 15:35:16.017203|INFO    |VirtualServer |1  |permission 'i_channel_delete_power'(id:129) was deleted by 'Igna'(id:2) from servergroup 'Keijo!!!!!!!!'(id:39)
2016-11-05 15:35:16.018203|INFO    |VirtualServer |1  |permission 'b_channel_join_permanent'(id:131) was deleted by 'Igna'(id:2) from servergroup 'Keijo!!!!!!!!'(id:39)
2016-11-05 15:35:16.019203|INFO    |VirtualServer |1  |permission 'b_channel_join_semi_permanent'(id:132) was deleted by 'Igna'(id:2) from servergroup 'Keijo!!!!!!!!'(id:39)
2016-11-05 15:35:16.020203|INFO    |VirtualServer |1  |permission 'b_channel_join_temporary'(id:133) was deleted by 'Igna'(id:2) from servergroup 'Keijo!!!!!!!!'(id:39)
2016-11-05 15:35:16.021203|INFO    |VirtualServer |1  |permission 'i_channel_join_power'(id:136) was deleted by 'Igna'(id:2) from servergroup 'Keijo!!!!!!!!'(id:39)
2016-11-05 15:35:16.022203|INFO    |VirtualServer |1  |permission 'i_channel_subscribe_power'(id:138) was deleted by 'Igna'(id:2) from servergroup 'Keijo!!!!!!!!'(id:39)
2016-11-05 15:35:16.022203|INFO    |VirtualServer |1  |permission 'i_channel_description_view_power'(id:140) was deleted by 'Igna'(id:2) from servergroup 'Keijo!!!!!!!!'(id:39)
2016-11-05 15:35:16.023203|INFO    |VirtualServer |1  |permission 'i_channel_max_depth'(id:77) was deleted by 'Igna'(id:2) from servergroup 'Keijo!!!!!!!!'(id:39)
2016-11-05 15:35:18.723358|INFO    |VirtualServer |1  |permission 'b_client_permissionoverview_view'(id:190) was deleted by 'Igna'(id:2) from servergroup 'Keijo!!!!!!!!'(id:39)
2016-11-05 15:35:18.724358|INFO    |VirtualServer |1  |permission 'b_client_permissionoverview_own'(id:191) was deleted by 'Igna'(id:2) from servergroup 'Keijo!!!!!!!!'(id:39)
2016-11-05 15:35:18.725358|INFO    |VirtualServer |1  |permission 'i_client_needed_serverquery_view_power'(id:194) was deleted by 'Igna'(id:2) from servergroup 'Keijo!!!!!!!!'(id:39)
2016-11-05 15:35:18.726358|INFO    |VirtualServer |1  |permission 'i_client_needed_kick_from_server_power'(id:197) was deleted by 'Igna'(id:2) from servergroup 'Keijo!!!!!!!!'(id:39)
2016-11-05 15:35:18.727358|INFO    |VirtualServer |1  |permission 'i_client_needed_kick_from_channel_power'(id:199) was deleted by 'Igna'(id:2) from servergroup 'Keijo!!!!!!!!'(id:39)
2016-11-05 15:35:18.728358|INFO    |VirtualServer |1  |permission 'i_client_needed_ban_power'(id:201) was deleted by 'Igna'(id:2) from servergroup 'Keijo!!!!!!!!'(id:39)
2016-11-05 15:35:18.729358|INFO    |VirtualServer |1  |permission 'i_client_needed_move_power'(id:203) was deleted by 'Igna'(id:2) from servergroup 'Keijo!!!!!!!!'(id:39)
2016-11-05 15:35:18.731358|INFO    |VirtualServer |1  |permission 'i_client_needed_complain_power'(id:205) was deleted by 'Igna'(id:2) from servergroup 'Keijo!!!!!!!!'(id:39)
2016-11-05 15:35:18.732358|INFO    |VirtualServer |1  |permission 'i_client_private_textmessage_power'(id:214) was deleted by 'Igna'(id:2) from servergroup 'Keijo!!!!!!!!'(id:39)
2016-11-05 15:35:18.733358|INFO    |VirtualServer |1  |permission 'b_client_channel_textmessage_send'(id:217) was deleted by 'Igna'(id:2) from servergroup 'Keijo!!!!!!!!'(id:39)
2016-11-05 15:35:18.735359|INFO    |VirtualServer |1  |permission 'b_client_offline_textmessage_send'(id:218) was deleted by 'Igna'(id:2) from servergroup 'Keijo!!!!!!!!'(id:39)
2016-11-05 15:35:18.736359|INFO    |VirtualServer |1  |permission 'i_client_poke_power'(id:221) was deleted by 'Igna'(id:2) from servergroup 'Keijo!!!!!!!!'(id:39)
2016-11-05 15:35:18.737359|INFO    |VirtualServer |1  |permission 'i_client_max_clones_uid'(id:173) was deleted by 'Igna'(id:2) from servergroup 'Keijo!!!!!!!!'(id:39)
2016-11-05 15:35:18.738359|INFO    |VirtualServer |1  |permission 'i_client_max_avatar_filesize'(id:175) was deleted by 'Igna'(id:2) from servergroup 'Keijo!!!!!!!!'(id:39)
2016-11-05 15:35:18.740359|INFO    |VirtualServer |1  |permission 'i_client_max_channel_subscriptions'(id:176) was deleted by 'Igna'(id:2) from servergroup 'Keijo!!!!!!!!'(id:39)
2016-11-05 15:35:20.489459|INFO    |VirtualServer |1  |permission 'i_ft_file_upload_power'(id:233) was deleted by 'Igna'(id:2) from servergroup 'Keijo!!!!!!!!'(id:39)
2016-11-05 15:35:20.490459|INFO    |VirtualServer |1  |permission 'i_ft_file_download_power'(id:235) was deleted by 'Igna'(id:2) from servergroup 'Keijo!!!!!!!!'(id:39)
2016-11-05 15:35:20.491459|INFO    |VirtualServer |1  |permission 'i_ft_file_delete_power'(id:237) was deleted by 'Igna'(id:2) from servergroup 'Keijo!!!!!!!!'(id:39)
2016-11-05 15:35:20.491459|INFO    |VirtualServer |1  |permission 'i_ft_file_rename_power'(id:239) was deleted by 'Igna'(id:2) from servergroup 'Keijo!!!!!!!!'(id:39)
2016-11-05 15:35:20.492459|INFO    |VirtualServer |1  |permission 'i_ft_file_browse_power'(id:241) was deleted by 'Igna'(id:2) from servergroup 'Keijo!!!!!!!!'(id:39)
2016-11-05 15:35:20.493459|INFO    |VirtualServer |1  |permission 'i_ft_directory_create_power'(id:243) was deleted by 'Igna'(id:2) from servergroup 'Keijo!!!!!!!!'(id:39)
2016-11-05 15:35:20.497459|INFO    |VirtualServer |1  |permission 'i_ft_quota_mb_download_per_client'(id:245) was deleted by 'Igna'(id:2) from servergroup 'Keijo!!!!!!!!'(id:39)
2016-11-05 15:35:20.498459|INFO    |VirtualServer |1  |permission 'i_ft_quota_mb_upload_per_client'(id:246) was deleted by 'Igna'(id:2) from servergroup 'Keijo!!!!!!!!'(id:39)
2016-11-05 15:35:53.370340|INFO    |VirtualServer |1  |permission 'i_group_needed_member_add_power'(id:164) was deleted by 'Igna'(id:2) from servergroup 'Keijo!!!!!!!!'(id:39)
2016-11-05 15:35:54.762419|INFO    |VirtualServer |1  |permission 'i_group_needed_member_remove_power'(id:166) was deleted by 'Igna'(id:2) from servergroup 'Keijo!!!!!!!!'(id:39)
2016-11-05 15:36:37.524865|INFO    |VirtualServer |1  |permission 'b_virtualserver_connectioninfo_view'(id:24) was deleted by 'Igna'(id:2) from servergroup 'Es un payaso este tipo'(id:38)
2016-11-05 15:36:37.525865|INFO    |VirtualServer |1  |permission 'b_virtualserver_token_use'(id:38) was deleted by 'Igna'(id:2) from servergroup 'Es un payaso este tipo'(id:38)
2016-11-05 15:36:40.737049|INFO    |VirtualServer |1  |permission 'b_channel_create_child'(id:82) was deleted by 'Igna'(id:2) from servergroup 'Es un payaso este tipo'(id:38)
2016-11-05 15:36:40.738049|INFO    |VirtualServer |1  |permission 'b_channel_create_semi_permanent'(id:84) was deleted by 'Igna'(id:2) from servergroup 'Es un payaso este tipo'(id:38)
2016-11-05 15:36:40.739049|INFO    |VirtualServer |1  |permission 'b_channel_create_temporary'(id:85) was deleted by 'Igna'(id:2) from servergroup 'Es un payaso este tipo'(id:38)
2016-11-05 15:36:40.739049|INFO    |VirtualServer |1  |permission 'b_channel_create_with_topic'(id:87) was deleted by 'Igna'(id:2) from servergroup 'Es un payaso este tipo'(id:38)
2016-11-05 15:36:40.740049|INFO    |VirtualServer |1  |permission 'b_channel_create_with_description'(id:88) was deleted by 'Igna'(id:2) from servergroup 'Es un payaso este tipo'(id:38)
2016-11-05 15:36:40.741049|INFO    |VirtualServer |1  |permission 'b_channel_create_with_password'(id:89) was deleted by 'Igna'(id:2) from servergroup 'Es un payaso este tipo'(id:38)
2016-11-05 15:36:40.742049|INFO    |VirtualServer |1  |permission 'b_channel_create_modify_with_codec_speex8'(id:90) was deleted by 'Igna'(id:2) from servergroup 'Es un payaso este tipo'(id:38)
2016-11-05 15:36:40.743049|INFO    |VirtualServer |1  |permission 'b_channel_create_modify_with_codec_speex16'(id:91) was deleted by 'Igna'(id:2) from servergroup 'Es un payaso este tipo'(id:38)
2016-11-05 15:36:40.744049|INFO    |VirtualServer |1  |permission 'b_channel_create_modify_with_codec_speex32'(id:92) was deleted by 'Igna'(id:2) from servergroup 'Es un payaso este tipo'(id:38)
2016-11-05 15:36:40.747049|INFO    |VirtualServer |1  |permission 'i_channel_create_modify_with_codec_maxquality'(id:96) was deleted by 'Igna'(id:2) from servergroup 'Es un payaso este tipo'(id:38)
2016-11-05 15:36:40.748049|INFO    |VirtualServer |1  |permission 'i_channel_create_modify_with_codec_latency_factor_min'(id:97) was deleted by 'Igna'(id:2) from servergroup 'Es un payaso este tipo'(id:38)
2016-11-05 15:36:40.748049|INFO    |VirtualServer |1  |permission 'b_channel_create_with_maxclients'(id:98) was deleted by 'Igna'(id:2) from servergroup 'Es un payaso este tipo'(id:38)
2016-11-05 15:36:40.749049|INFO    |VirtualServer |1  |permission 'b_channel_create_with_maxfamilyclients'(id:99) was deleted by 'Igna'(id:2) from servergroup 'Es un payaso este tipo'(id:38)
2016-11-05 15:36:40.750049|INFO    |VirtualServer |1  |permission 'b_channel_create_with_needed_talk_power'(id:102) was deleted by 'Igna'(id:2) from servergroup 'Es un payaso este tipo'(id:38)
2016-11-05 15:36:40.751050|INFO    |VirtualServer |1  |permission 'i_channel_modify_power'(id:121) was deleted by 'Igna'(id:2) from servergroup 'Es un payaso este tipo'(id:38)
2016-11-05 15:36:40.752050|INFO    |VirtualServer |1  |permission 'b_channel_delete_semi_permanent'(id:126) was deleted by 'Igna'(id:2) from servergroup 'Es un payaso este tipo'(id:38)
2016-11-05 15:36:40.754050|INFO    |VirtualServer |1  |permission 'b_channel_delete_temporary'(id:127) was deleted by 'Igna'(id:2) from servergroup 'Es un payaso este tipo'(id:38)
2016-11-05 15:36:40.755050|INFO    |VirtualServer |1  |permission 'b_channel_delete_flag_force'(id:128) was deleted by 'Igna'(id:2) from servergroup 'Es un payaso este tipo'(id:38)
2016-11-05 15:36:40.755050|INFO    |VirtualServer |1  |permission 'i_channel_delete_power'(id:129) was deleted by 'Igna'(id:2) from servergroup 'Es un payaso este tipo'(id:38)
2016-11-05 15:36:40.756050|INFO    |VirtualServer |1  |permission 'b_channel_join_permanent'(id:131) was deleted by 'Igna'(id:2) from servergroup 'Es un payaso este tipo'(id:38)
2016-11-05 15:36:40.757050|INFO    |VirtualServer |1  |permission 'b_channel_join_semi_permanent'(id:132) was deleted by 'Igna'(id:2) from servergroup 'Es un payaso este tipo'(id:38)
2016-11-05 15:36:40.758050|INFO    |VirtualServer |1  |permission 'b_channel_join_temporary'(id:133) was deleted by 'Igna'(id:2) from servergroup 'Es un payaso este tipo'(id:38)
2016-11-05 15:36:40.759050|INFO    |VirtualServer |1  |permission 'i_channel_join_power'(id:136) was deleted by 'Igna'(id:2) from servergroup 'Es un payaso este tipo'(id:38)
2016-11-05 15:36:40.760050|INFO    |VirtualServer |1  |permission 'i_channel_subscribe_power'(id:138) was deleted by 'Igna'(id:2) from servergroup 'Es un payaso este tipo'(id:38)
2016-11-05 15:36:40.761050|INFO    |VirtualServer |1  |permission 'i_channel_description_view_power'(id:140) was deleted by 'Igna'(id:2) from servergroup 'Es un payaso este tipo'(id:38)
2016-11-05 15:36:40.761050|INFO    |VirtualServer |1  |permission 'i_channel_max_depth'(id:77) was deleted by 'Igna'(id:2) from servergroup 'Es un payaso este tipo'(id:38)
2016-11-05 15:36:44.675274|INFO    |VirtualServer |1  |permission 'b_client_permissionoverview_view'(id:190) was deleted by 'Igna'(id:2) from servergroup 'Es un payaso este tipo'(id:38)
2016-11-05 15:36:44.676274|INFO    |VirtualServer |1  |permission 'b_client_permissionoverview_own'(id:191) was deleted by 'Igna'(id:2) from servergroup 'Es un payaso este tipo'(id:38)
2016-11-05 15:36:44.677274|INFO    |VirtualServer |1  |permission 'i_client_needed_serverquery_view_power'(id:194) was deleted by 'Igna'(id:2) from servergroup 'Es un payaso este tipo'(id:38)
2016-11-05 15:36:44.677274|INFO    |VirtualServer |1  |permission 'i_client_needed_kick_from_server_power'(id:197) was deleted by 'Igna'(id:2) from servergroup 'Es un payaso este tipo'(id:38)
2016-11-05 15:36:44.678274|INFO    |VirtualServer |1  |permission 'i_client_needed_kick_from_channel_power'(id:199) was deleted by 'Igna'(id:2) from servergroup 'Es un payaso este tipo'(id:38)
2016-11-05 15:36:44.679274|INFO    |VirtualServer |1  |permission 'i_client_needed_ban_power'(id:201) was deleted by 'Igna'(id:2) from servergroup 'Es un payaso este tipo'(id:38)
2016-11-05 15:36:44.681274|INFO    |VirtualServer |1  |permission 'i_client_needed_move_power'(id:203) was deleted by 'Igna'(id:2) from servergroup 'Es un payaso este tipo'(id:38)
2016-11-05 15:36:44.682274|INFO    |VirtualServer |1  |permission 'i_client_needed_complain_power'(id:205) was deleted by 'Igna'(id:2) from servergroup 'Es un payaso este tipo'(id:38)
2016-11-05 15:36:44.683274|INFO    |VirtualServer |1  |permission 'i_client_private_textmessage_power'(id:214) was deleted by 'Igna'(id:2) from servergroup 'Es un payaso este tipo'(id:38)
2016-11-05 15:36:44.683274|INFO    |VirtualServer |1  |permission 'b_client_channel_textmessage_send'(id:217) was deleted by 'Igna'(id:2) from servergroup 'Es un payaso este tipo'(id:38)
2016-11-05 15:36:44.684275|INFO    |VirtualServer |1  |permission 'b_client_offline_textmessage_send'(id:218) was deleted by 'Igna'(id:2) from servergroup 'Es un payaso este tipo'(id:38)
2016-11-05 15:36:44.685275|INFO    |VirtualServer |1  |permission 'i_client_poke_power'(id:221) was deleted by 'Igna'(id:2) from servergroup 'Es un payaso este tipo'(id:38)
2016-11-05 15:36:44.686275|INFO    |VirtualServer |1  |permission 'i_client_max_clones_uid'(id:173) was deleted by 'Igna'(id:2) from servergroup 'Es un payaso este tipo'(id:38)
2016-11-05 15:36:44.687275|INFO    |VirtualServer |1  |permission 'i_client_max_avatar_filesize'(id:175) was deleted by 'Igna'(id:2) from servergroup 'Es un payaso este tipo'(id:38)
2016-11-05 15:36:44.688275|INFO    |VirtualServer |1  |permission 'i_client_max_channel_subscriptions'(id:176) was deleted by 'Igna'(id:2) from servergroup 'Es un payaso este tipo'(id:38)
2016-11-05 15:36:46.587383|INFO    |VirtualServer |1  |permission 'i_ft_file_upload_power'(id:233) was deleted by 'Igna'(id:2) from servergroup 'Es un payaso este tipo'(id:38)
2016-11-05 15:36:46.588383|INFO    |VirtualServer |1  |permission 'i_ft_file_download_power'(id:235) was deleted by 'Igna'(id:2) from servergroup 'Es un payaso este tipo'(id:38)
2016-11-05 15:36:46.589383|INFO    |VirtualServer |1  |permission 'i_ft_file_delete_power'(id:237) was deleted by 'Igna'(id:2) from servergroup 'Es un payaso este tipo'(id:38)
2016-11-05 15:36:46.590384|INFO    |VirtualServer |1  |permission 'i_ft_file_rename_power'(id:239) was deleted by 'Igna'(id:2) from servergroup 'Es un payaso este tipo'(id:38)
2016-11-05 15:36:46.591384|INFO    |VirtualServer |1  |permission 'i_ft_file_browse_power'(id:241) was deleted by 'Igna'(id:2) from servergroup 'Es un payaso este tipo'(id:38)
2016-11-05 15:36:46.591384|INFO    |VirtualServer |1  |permission 'i_ft_directory_create_power'(id:243) was deleted by 'Igna'(id:2) from servergroup 'Es un payaso este tipo'(id:38)
2016-11-05 15:36:46.592384|INFO    |VirtualServer |1  |permission 'i_ft_quota_mb_download_per_client'(id:245) was deleted by 'Igna'(id:2) from servergroup 'Es un payaso este tipo'(id:38)
2016-11-05 15:36:46.593384|INFO    |VirtualServer |1  |permission 'i_ft_quota_mb_upload_per_client'(id:246) was deleted by 'Igna'(id:2) from servergroup 'Es un payaso este tipo'(id:38)
2016-11-05 15:37:09.147674|INFO    |VirtualServer |1  |permission 'i_group_needed_member_add_power'(id:164) was deleted by 'Igna'(id:2) from servergroup 'Es un payaso este tipo'(id:38)
2016-11-05 15:37:10.496751|INFO    |VirtualServer |1  |permission 'i_group_needed_member_remove_power'(id:166) was deleted by 'Igna'(id:2) from servergroup 'Es un payaso este tipo'(id:38)
2016-11-05 15:38:01.612675|INFO    |VirtualServer |1  |permission 'i_group_needed_modify_power'(id:162) was deleted by 'Igna'(id:2) from servergroup 'Keijo!!!!!!!!'(id:39)
2016-11-05 15:38:13.731368|INFO    |VirtualServer |1  |permission 'i_group_needed_modify_power'(id:162) was deleted by 'Igna'(id:2) from servergroup 'Es un payaso este tipo'(id:38)
2016-11-05 15:39:02.483156|INFO    |VirtualServer |1  |client (id:19) was added to servergroup 'Keijo!!!!!!!!'(id:39) by client 'asd'(id:19)
2016-11-05 15:39:11.687683|INFO    |VirtualServer |1  |client (id:19) was removed from servergroup 'Keijo!!!!!!!!'(id:39) by client 'asd'(id:19)
2016-11-05 15:39:20.370179|INFO    |VirtualServer |1  |client (id:19) was added to servergroup 'Keijo!!!!!!!!'(id:39) by client 'asd'(id:19)
2016-11-05 15:40:22.878755|INFO    |VirtualServer |1  |client (id:19) was removed from servergroup 'Keijo!!!!!!!!'(id:39) by client 'asd'(id:19)
2016-11-05 15:40:43.019907|INFO    |VirtualServer |1  |client (id:9) was removed from servergroup 'Keijo!!!!!!!!'(id:39) by client 'asd'(id:19)
2016-11-05 15:40:48.845240|INFO    |VirtualServer |1  |client (id:9) was added to servergroup 'Keijo!!!!!!!!'(id:39) by client 'asd'(id:19)
2016-11-05 15:42:08.007768|INFO    |VirtualServer |1  |client (id:19) was added to servergroup 'LoL'(id:16) by client 'asd'(id:19)
2016-11-05 15:42:11.667977|INFO    |VirtualServer |1  |client (id:19) was added to servergroup 'Hearthstone'(id:18) by client 'asd'(id:19)
2016-11-05 15:42:16.987281|INFO    |VirtualServer |1  |client (id:19) was added to servergroup 'Keijo!!!!!!!!'(id:39) by client 'asd'(id:19)
2016-11-05 15:42:22.406591|INFO    |VirtualServer |1  |client 'asd'(id:19) was added to channelgroup 'Mercenario'(id:7) by client 'Igna'(id:2) in channel 'Los Retraso Awards'(id:1)
2016-11-05 15:42:33.127204|INFO    |VirtualServer |1  |client (id:19) was added to servergroup 'Banco del T$'(id:32) by client 'Igna'(id:2)
2016-11-05 15:42:38.372504|INFO    |VirtualServer |1  |client (id:19) was removed from servergroup 'Keijo!!!!!!!!'(id:39) by client 'asd'(id:19)
2016-11-05 15:42:43.034771|INFO    |VirtualServer |1  |client (id:19) was added to servergroup 'Keijo!!!!!!!!'(id:39) by client 'asd'(id:19)
2016-11-05 15:43:12.306445|INFO    |VirtualServer |1  |client (id:11) was added to servergroup 'Keijo!!!!!!!!'(id:39) by client 'Greenbeing'(id:9)
2016-11-05 15:43:17.782758|INFO    |VirtualServer |1  |client (id:19) was removed from servergroup 'LoL'(id:16) by client 'asd'(id:19)
2016-11-05 15:43:20.876935|INFO    |VirtualServer |1  |client (id:19) was removed from servergroup 'Hearthstone'(id:18) by client 'asd'(id:19)
2016-11-05 15:43:24.158123|INFO    |VirtualServer |1  |client (id:19) was removed from servergroup 'Keijo!!!!!!!!'(id:39) by client 'asd'(id:19)
2016-11-05 15:43:32.977628|INFO    |VirtualServer |1  |client (id:19) was removed from servergroup 'Banco del T$'(id:32) by client 'Igna'(id:2)
2016-11-05 15:43:47.333449|INFO    |VirtualServer |1  |client 'asd'(id:19) was added to channelgroup 'Homosensual'(id:8) by client 'Igna'(id:2) in channel 'Los Retraso Awards'(id:1)
2016-11-05 15:44:14.191985|INFO    |VirtualServer |1  |client (id:8) was added to servergroup 'Keijo!!!!!!!!'(id:39) by client 'Greenbeing'(id:9)
2016-11-05 15:54:18.246535|INFO    |VirtualServer |1  |servergroup 'Keijo!!!!!!!!'(id:39) was copied by 'Igna'(id:2) to 'Anime'(id:40)
2016-11-05 15:54:26.720019|INFO    |VirtualServer |1  |permission 'i_icon_id'(id:142) with values (value:809874959, negated:0, skipchannel:0) was added by 'Igna'(id:2) to servergroup 'Anime'(id:40)
2016-11-05 15:54:37.713648|INFO    |VirtualServer |1  |client (id:9) was added to servergroup 'Anime'(id:40) by client 'Igna'(id:2)
2016-11-05 16:09:23.638320|INFO    |VirtualServer |1  |permission 'i_icon_id'(id:142) with values (value:809874959) was added by 'Igna'(id:2) to channel 'Dibujitos chinos homosensuales'(id:32)
2016-11-05 16:16:48.808783|INFO    |VirtualServer |1  |client (id:8) was removed from servergroup 'Keijo!!!!!!!!'(id:39) by client 'Nekrosis'(id:8)
2016-11-05 16:17:26.117917|INFO    |VirtualServer |1  |client (id:2) was added to servergroup 'Anime'(id:40) by client 'Greenbeing'(id:9)
2016-11-05 17:41:47.314400|INFO    |VirtualServer |1  |client (id:2) was removed from servergroup 'Anime'(id:40) by client 'Igna'(id:2)
2016-11-05 18:03:45.207780|INFO    |VirtualServer |1  |servergroup 'Anime'(id:40) was copied by 'Igna'(id:2) to 'Sin microfono'(id:41)
2016-11-05 18:03:47.961937|INFO    |VirtualServer |1  |permission 'i_icon_id'(id:142) was deleted by 'Igna'(id:2) from servergroup 'Sin microfono'(id:41)
2016-11-05 18:04:12.801358|INFO    |VirtualServer |1  |permission 'i_group_show_name_in_tree'(id:149) with values (value:2, negated:0, skipchannel:0) was added by 'Igna'(id:2) to servergroup 'Sin microfono'(id:41)
2016-11-05 18:04:17.353618|INFO    |VirtualServer |1  |client (id:2) was added to servergroup 'Sin microfono'(id:41) by client 'Igna'(id:2)
2016-11-05 18:10:01.659311|INFO    |VirtualServer |1  |permission 'i_icon_id'(id:142) with values (value:310295801, negated:0, skipchannel:0) was added by 'Igna'(id:2) to servergroup 'Sin microfono'(id:41)
2016-11-05 19:31:06.417560|INFO    |VirtualServer |1  |client (id:2) was removed from servergroup 'Sin microfono'(id:41) by client 'Igna'(id:2)
2016-11-05 22:36:04.500334|INFO    |VirtualServer |1  |client (id:7) was added to servergroup 'Anime'(id:40) by client 'Greenbeing'(id:9)
2016-11-05 22:42:16.256597|INFO    |VirtualServer |1  |client (id:2) was added to servergroup 'Sin microfono'(id:41) by client 'Greenbeing'(id:9)
2016-11-05 22:42:32.092503|INFO    |VirtualServer |1  |client (id:2) was removed from servergroup 'Sin microfono'(id:41) by client 'Greenbeing'(id:9)
2016-11-05 22:42:41.464039|INFO    |VirtualServer |1  |client (id:11) was added to servergroup 'Sin microfono'(id:41) by client 'Greenbeing'(id:9)
2016-11-05 22:43:16.945068|INFO    |VirtualServer |1  |client (id:11) was removed from servergroup 'Sin microfono'(id:41) by client 'Greenbeing'(id:9)
2016-11-05 22:43:27.678682|INFO    |VirtualServer |1  |client (id:11) was removed from servergroup 'Keijo!!!!!!!!'(id:39) by client 'Nekrosis'(id:8)
2016-11-05 23:02:04.239546|INFO    |VirtualServer |1  |client (id:10) was added to servergroup 'Juanismo'(id:28) by client 'SKT OnePunchLee'(id:5)
2016-11-05 23:12:28.613258|INFO    |VirtualServer |1  |client (id:10) was removed from servergroup 'Juanismo'(id:28) by client 'SKT OnePunchLee'(id:5)
2016-11-05 23:40:46.929396|INFO    |PktHandler    |1  |Dropping client 8 because of ping timeout 19 0 0
2016-11-05 23:51:19.070552|INFO    |PktHandler    |1  |Dropping client 14 because of ping timeout 19 0 0
2016-11-06 00:33:21.787844|INFO    |VirtualServer |1  |client (id:9) was removed from servergroup 'Keijo!!!!!!!!'(id:39) by client 'rasals'(id:6)
2016-11-06 00:33:26.608119|INFO    |VirtualServer |1  |client (id:9) was removed from servergroup 'Anime'(id:40) by client 'rasals'(id:6)
2016-11-06 03:23:30.229733|INFO    |VirtualServer |1  |client (id:11) was added to servergroup 'Keijo!!!!!!!!'(id:39) by client 'Greenbeing'(id:9)
2016-11-06 03:23:37.000120|INFO    |VirtualServer |1  |client (id:8) was added to servergroup 'Keijo!!!!!!!!'(id:39) by client 'Greenbeing'(id:9)
2016-11-06 03:23:44.263536|INFO    |VirtualServer |1  |client (id:8) was removed from servergroup 'Keijo!!!!!!!!'(id:39) by client 'Nekrosis'(id:8)
2016-11-06 03:23:45.383600|INFO    |VirtualServer |1  |client (id:9) was added to servergroup 'Keijo!!!!!!!!'(id:39) by client 'Greenbeing'(id:9)
2016-11-06 03:23:51.434946|INFO    |VirtualServer |1  |client (id:9) was added to servergroup 'Anime'(id:40) by client 'Greenbeing'(id:9)
2016-11-06 06:46:25.596124|INFO    |VirtualServerBase|1  |stopped
