2016-11-06 10:30:23.993921|INFO    |VirtualServer |1  |listening on 0.0.0.0:9987, :::9987
2016-11-06 10:31:58.326317|INFO    |VirtualServer |1  |client (id:19) was removed from servergroup 'Autista'(id:27) by client 'Igna1'(id:19)
2016-11-06 10:32:06.950810|INFO    |VirtualServer |1  |client (id:19) was added to servergroup 'Diablo 3'(id:19) by client 'Igna1'(id:19)
2016-11-06 10:32:36.162481|INFO    |VirtualServer |1  |client (id:19) was added to servergroup 'Boludo'(id:34) by client 'Igna1'(id:19)
2016-11-06 10:32:39.117650|INFO    |VirtualServer |1  |client (id:19) was removed from servergroup 'Boludo'(id:34) by client 'Igna1'(id:19)
2016-11-06 10:32:59.734829|INFO    |VirtualServer |1  |client (id:19) was added to servergroup 'Boludo'(id:34) by client 'Igna1'(id:19)
2016-11-06 10:33:02.897010|INFO    |VirtualServer |1  |client (id:19) was removed from servergroup 'Boludo'(id:34) by client 'Igna1'(id:19)
2016-11-06 10:46:15.440341|INFO    |VirtualServer |1  |servergroup 'Netdecker'(id:33) was copied by 'Igna'(id:2) to 'Verborrea'(id:42)
2016-11-06 10:46:28.016060|INFO    |VirtualServer |1  |permission 'i_client_max_idletime'(id:174) with values (value:5, negated:0, skipchannel:0) was added by 'Igna'(id:2) to servergroup 'Verborrea'(id:42)
2016-11-06 10:46:55.105610|INFO    |VirtualServer |1  |client (id:20) was added to servergroup 'Verborrea'(id:42) by client 'Igna'(id:2)
2016-11-06 10:47:51.931860|INFO    |VirtualServer |1  |client (id:20) was added to servergroup 'Boludo'(id:34) by client 'Igna'(id:2)
2016-11-06 10:48:19.726450|INFO    |VirtualServer |1  |client (id:20) was added to servergroup 'Diablo 3'(id:19) by client 'Igna'(id:2)
2016-11-06 10:49:03.127932|INFO    |VirtualServer |1  |client (id:20) was added to servergroup 'Atlas Reactor'(id:15) by client 'Igna'(id:2)
2016-11-06 10:51:36.127683|INFO    |VirtualServer |1  |permission 'i_group_needed_member_add_power'(id:164) was deleted by 'Igna'(id:2) from servergroup 'Verborrea'(id:42)
2016-11-06 10:51:37.271748|INFO    |VirtualServer |1  |permission 'i_group_needed_member_remove_power'(id:166) was deleted by 'Igna'(id:2) from servergroup 'Verborrea'(id:42)
2016-11-06 10:51:52.285607|INFO    |VirtualServer |1  |permission 'i_client_max_idletime'(id:174) with values (value:3, negated:0, skipchannel:0) was added by 'Igna'(id:2) to servergroup 'Verborrea'(id:42)
2016-11-06 10:54:00.009913|INFO    |VirtualServer |1  |client (id:20) was removed from servergroup 'Verborrea'(id:42) by client 'asd'(id:20)
2016-11-06 10:54:59.968342|INFO    |VirtualServer |1  |permission 'i_channel_needed_description_view_power'(id:141) was deleted by 'Igna'(id:2) from channel 'Canal de Dictadores'(id:30)
2016-11-06 10:56:36.165844|INFO    |VirtualServer |1  |client (id:20) was added to servergroup 'Verborrea'(id:42) by client 'asd'(id:20)
2016-11-06 10:57:59.098588|INFO    |VirtualServer |1  |permission 'i_client_max_idletime'(id:174) with values (value:1, negated:0, skipchannel:0) was added by 'Igna'(id:2) to servergroup 'Verborrea'(id:42)
2016-11-06 10:58:06.217995|INFO    |VirtualServer |1  |permission 'i_client_max_idletime'(id:174) with values (value:1, negated:0, skipchannel:1) was added by 'Igna'(id:2) to servergroup 'Verborrea'(id:42)
2016-11-06 10:59:16.578019|INFO    |VirtualServer |1  |permission 'i_client_max_idletime'(id:174) with values (value:1, negated:1, skipchannel:1) was added by 'Igna'(id:2) to servergroup 'Verborrea'(id:42)
2016-11-06 11:07:07.999983|INFO    |VirtualServer |1  |permission 'i_group_auto_update_type'(id:146) with values (value:1, negated:0, skipchannel:0) was added by 'Igna'(id:2) to servergroup 'Verborrea'(id:42)
2016-11-06 11:12:53.391738|INFO    |VirtualServer |1  |permission 'i_group_auto_update_type'(id:146) with values (value:30, negated:0, skipchannel:0) was added by 'Igna'(id:2) to servergroup 'Verborrea'(id:42)
2016-11-06 11:13:30.188843|INFO    |VirtualServer |1  |permission 'i_client_max_idletime'(id:174) with values (value:1, negated:0, skipchannel:1) was added by 'Igna'(id:2) to servergroup 'Verborrea'(id:42)
2016-11-06 11:18:26.569795|INFO    |VirtualServer |1  |servergroup 'Frase del dia'(id:36) was renamed to 'V.I.P' by 'Igna'(id:2)
2016-11-06 11:19:01.709805|INFO    |VirtualServer |1  |permission 'i_group_needed_member_add_power'(id:164) with values (value:75, negated:0, skipchannel:0) was added by 'Igna'(id:2) to servergroup 'V.I.P'(id:36)
2016-11-06 11:19:03.846927|INFO    |VirtualServer |1  |permission 'i_group_needed_member_remove_power'(id:166) with values (value:75, negated:0, skipchannel:0) was added by 'Igna'(id:2) to servergroup 'V.I.P'(id:36)
2016-11-06 11:19:25.111143|INFO    |VirtualServer |1  |permission 'b_client_is_priority_speaker'(id:177) with values (value:1, negated:0, skipchannel:0) was added by 'Igna'(id:2) to servergroup 'V.I.P'(id:36)
2016-11-06 11:19:29.257381|INFO    |VirtualServer |1  |permission 'b_client_is_priority_speaker'(id:177) with values (value:1, negated:0, skipchannel:1) was added by 'Igna'(id:2) to servergroup 'V.I.P'(id:36)
2016-11-06 11:25:51.278231|INFO    |VirtualServer |1  |servergroup 'CSGO'(id:14) was copied by 'Igna'(id:2) to 'Debuff'(id:43)
2016-11-06 11:25:55.288460|INFO    |VirtualServer |1  |permission 'i_icon_id'(id:142) was deleted by 'Igna'(id:2) from servergroup 'Debuff'(id:43)
2016-11-06 11:25:57.360579|INFO    |VirtualServer |1  |permission 'b_group_is_permanent'(id:145) was deleted by 'Igna'(id:2) from servergroup 'Debuff'(id:43)
2016-11-06 11:26:01.710828|INFO    |VirtualServer |1  |permission 'b_virtualserver_token_use'(id:38) was deleted by 'Igna'(id:2) from servergroup 'Debuff'(id:43)
2016-11-06 11:26:16.704685|INFO    |VirtualServer |1  |permission 'i_group_needed_member_add_power'(id:164) with values (value:75, negated:0, skipchannel:0) was added by 'Igna'(id:2) to servergroup 'Debuff'(id:43)
2016-11-06 11:26:20.460900|INFO    |VirtualServer |1  |permission 'i_group_needed_member_remove_power'(id:166) with values (value:75, negated:0, skipchannel:0) was added by 'Igna'(id:2) to servergroup 'Debuff'(id:43)
2016-11-06 11:26:23.063049|INFO    |VirtualServer |1  |permission 'i_group_needed_member_remove_power'(id:166) was deleted by 'Igna'(id:2) from servergroup 'Debuff'(id:43)
2016-11-06 11:26:38.886954|INFO    |VirtualServer |1  |permission 'i_group_sort_id'(id:148) with values (value:20, negated:0, skipchannel:0) was added by 'Igna'(id:2) to servergroup 'Debuff'(id:43)
2016-11-06 11:27:04.070394|INFO    |VirtualServer |1  |permission 'i_group_sort_id'(id:148) with values (value:10, negated:0, skipchannel:0) was added by 'Igna'(id:2) to servergroup 'Debuff'(id:43)
2016-11-06 11:27:26.703689|INFO    |VirtualServer |1  |servergroup 'Debuff'(id:43) was renamed to '- - - Debuff - - -' by 'Igna'(id:2)
2016-11-06 11:27:50.304039|INFO    |VirtualServer |1  |servergroup '- - - Debuff - - -'(id:43) was copied by 'Igna'(id:2) to '- - - - - - - - - - -'(id:44)
2016-11-06 11:27:59.388558|INFO    |VirtualServer |1  |permission 'i_group_sort_id'(id:148) with values (value:11, negated:0, skipchannel:0) was added by 'Igna'(id:2) to servergroup '- - - - - - - - - - -'(id:44)
2016-11-06 11:28:10.634202|INFO    |VirtualServer |1  |permission 'i_group_sort_id'(id:148) with values (value:10, negated:0, skipchannel:0) was added by 'Igna'(id:2) to servergroup 'Verborrea'(id:42)
2016-11-06 11:28:15.790497|INFO    |VirtualServer |1  |permission 'i_group_sort_id'(id:148) with values (value:11, negated:0, skipchannel:0) was added by 'Igna'(id:2) to servergroup 'Verborrea'(id:42)
2016-11-06 11:28:25.851072|INFO    |VirtualServer |1  |permission 'i_group_sort_id'(id:148) with values (value:11, negated:0, skipchannel:0) was added by 'Igna'(id:2) to servergroup 'Juanismo'(id:28)
2016-11-06 11:31:04.559150|INFO    |VirtualServer |1  |servergroup '- - - Debuff - - -'(id:43) was copied by 'Igna'(id:2) to '- - - - Buff - - - -'(id:45)
2016-11-06 11:31:22.397170|INFO    |VirtualServer |1  |permission 'i_group_sort_id'(id:148) with values (value:11, negated:0, skipchannel:0) was added by 'Igna'(id:2) to servergroup '- - - - Buff - - - -'(id:45)
2016-11-06 11:31:28.460517|INFO    |VirtualServer |1  |permission 'i_group_sort_id'(id:148) with values (value:13, negated:0, skipchannel:0) was added by 'Igna'(id:2) to servergroup '- - - - - - - - - - -'(id:44)
2016-11-06 11:31:37.132013|INFO    |VirtualServer |1  |permission 'i_group_sort_id'(id:148) with values (value:12, negated:0, skipchannel:0) was added by 'Igna'(id:2) to servergroup 'V.I.P'(id:36)
2016-11-06 11:32:59.134703|INFO    |VirtualServer |1  |servergroup '- - - - - - - - - - -'(id:44) was renamed to '- - - - Iconos - - - -' by 'Igna'(id:2)
2016-11-06 11:33:33.134648|INFO    |VirtualServer |1  |servergroup '- - - Debuff - - -'(id:43) was renamed to '- - - - - Debuff - - - -  -' by 'Igna'(id:2)
2016-11-06 11:34:05.178480|INFO    |VirtualServer |1  |servergroup '- - - - Buff - - - -'(id:45) was renamed to '- - - - - - Buff - - - - - - ' by 'Igna'(id:2)
2016-11-06 11:34:21.725427|INFO    |VirtualServer |1  |servergroup '- - - - Iconos - - - -'(id:44) was renamed to '- - - - - Iconos - - - - - - ' by 'Igna'(id:2)
2016-11-06 11:34:32.974070|INFO    |VirtualServer |1  |servergroup '- - - - - Debuff - - - -  -'(id:43) was renamed to '- - - - - Debuff - - - - - - ' by 'Igna'(id:2)
2016-11-06 11:35:00.122623|INFO    |VirtualServer |1  |servergroup '- - - - - Debuff - - - - - - '(id:43) was renamed to '- - - - - - Debuff - - - - - -' by 'Igna'(id:2)
2016-11-06 11:35:12.192313|INFO    |VirtualServer |1  |servergroup '- - - - - - Buff - - - - - - '(id:45) was renamed to '- - - - - - - Buff - - - - - -' by 'Igna'(id:2)
2016-11-06 11:35:21.033819|INFO    |VirtualServer |1  |servergroup '- - - - - Iconos - - - - - - '(id:44) was renamed to '- - - - - - Iconos - - - - - -' by 'Igna'(id:2)
2016-11-06 11:36:33.670974|INFO    |VirtualServer |1  |client (id:20) was removed from servergroup 'Verborrea'(id:42) by client 'asd'(id:20)
2016-11-06 11:39:28.687984|INFO    |VirtualServer |1  |client (id:2) was added to servergroup '- - - - - - Debuff - - - - - -'(id:43) by client 'Igna'(id:2)
2016-11-06 11:39:34.806334|INFO    |VirtualServer |1  |client (id:2) was removed from servergroup '- - - - - - Debuff - - - - - -'(id:43) by client 'Igna'(id:2)
2016-11-06 11:40:11.912456|INFO    |VirtualServer |1  |permission 'i_group_needed_member_add_power'(id:164) with values (value:100, negated:0, skipchannel:0) was added by 'Igna1'(id:19) to servergroup '- - - - - - Debuff - - - - - -'(id:43)
2016-11-06 11:40:16.158699|INFO    |VirtualServer |1  |permission 'i_group_needed_member_add_power'(id:164) with values (value:100, negated:0, skipchannel:0) was added by 'Igna1'(id:19) to servergroup '- - - - - - - Buff - - - - - -'(id:45)
2016-11-06 11:40:19.334881|INFO    |VirtualServer |1  |permission 'i_group_needed_member_add_power'(id:164) with values (value:100, negated:0, skipchannel:0) was added by 'Igna1'(id:19) to servergroup '- - - - - - Iconos - - - - - -'(id:44)
2016-11-06 11:47:18.104833|INFO    |VirtualServer |1  |permission 'i_group_needed_member_add_power'(id:164) with values (value:80, negated:0, skipchannel:0) was added by 'Igna1'(id:19) to servergroup 'V.I.P'(id:36)
2016-11-06 11:47:23.253128|INFO    |VirtualServer |1  |permission 'i_group_needed_member_remove_power'(id:166) with values (value:80, negated:0, skipchannel:0) was added by 'Igna1'(id:19) to servergroup 'V.I.P'(id:36)
2016-11-06 11:49:08.388141|INFO    |VirtualServer |1  |client (id:19) was added to servergroup 'V.I.P'(id:36) by client 'Igna1'(id:19)
2016-11-06 11:49:37.911830|INFO    |VirtualServer |1  |client (id:2) was added to servergroup 'V.I.P'(id:36) by client 'Igna1'(id:19)
2016-11-06 11:50:21.865344|INFO    |VirtualServer |1  |client (id:2) was removed from servergroup 'V.I.P'(id:36) by client 'Igna1'(id:19)
2016-11-06 11:53:53.331439|INFO    |VirtualServer |1  |permission 'i_icon_id'(id:142) was deleted by 'Igna'(id:2) from servergroup 'V.I.P'(id:36)
2016-11-06 11:54:32.508680|INFO    |VirtualServer |1  |permission 'i_group_needed_member_add_power'(id:164) with values (value:15, negated:0, skipchannel:0) was added by 'Igna'(id:2) to servergroup 'V.I.P'(id:36)
2016-11-06 11:54:36.866929|INFO    |VirtualServer |1  |permission 'i_group_needed_member_add_power'(id:164) with values (value:80, negated:0, skipchannel:0) was added by 'Igna'(id:2) to servergroup 'V.I.P'(id:36)
2016-11-06 11:55:04.017482|INFO    |VirtualServer |1  |permission 'i_group_needed_member_remove_power'(id:166) with values (value:75, negated:0, skipchannel:0) was added by 'Igna'(id:2) to servergroup 'V.I.P'(id:36)
2016-11-06 11:55:06.428620|INFO    |VirtualServer |1  |permission 'i_group_needed_member_remove_power'(id:166) with values (value:80, negated:0, skipchannel:0) was added by 'Igna'(id:2) to servergroup 'V.I.P'(id:36)
2016-11-06 11:55:34.379218|INFO    |VirtualServer |1  |permission 'i_group_needed_modify_power'(id:162) with values (value:75, negated:0, skipchannel:0) was added by 'Igna'(id:2) to servergroup 'V.I.P'(id:36)
2016-11-06 11:56:00.440709|INFO    |VirtualServer |1  |permission 'i_group_needed_modify_power'(id:162) with values (value:80, negated:0, skipchannel:0) was added by 'Igna1'(id:19) to servergroup 'V.I.P'(id:36)
2016-11-06 12:47:53.440763|INFO    |VirtualServer |1  |permission 'i_group_needed_member_remove_power'(id:166) with values (value:75, negated:0, skipchannel:0) was added by 'Igna'(id:2) to servergroup 'Verborrea'(id:42)
2016-11-06 12:48:12.003824|INFO    |VirtualServer |1  |permission 'b_group_is_permanent'(id:145) with values (value:0, negated:0, skipchannel:0) was added by 'Igna'(id:2) to servergroup 'Verborrea'(id:42)
2016-11-06 12:49:15.692467|INFO    |VirtualServer |1  |permission 'b_group_is_permanent'(id:145) with values (value:0, negated:0, skipchannel:0) was added by 'Igna'(id:2) to servergroup 'Juanismo'(id:28)
2016-11-06 13:38:51.330664|INFO    |VirtualServer |1  |client (id:19) was removed from servergroup 'V.I.P'(id:36) by client 'Igna'(id:19)
2016-11-06 13:39:16.400098|INFO    |VirtualServer |1  |permission 'b_group_is_permanent'(id:145) with values (value:0, negated:0, skipchannel:0) was added by 'Igna'(id:19) to servergroup 'V.I.P'(id:36)
2016-11-06 14:05:59.334780|INFO    |PktHandler    |1  |Dropping client 2 because of ping timeout 19 0 0
2016-11-06 18:03:44.155681|INFO    |VirtualServer |1  |client (id:8) was added to servergroup 'V.I.P'(id:36) by client 'Igna'(id:19)
2016-11-06 18:05:10.407615|INFO    |VirtualServer |1  |client (id:8) was added to servergroup 'Keijo!!!!!!!!'(id:39) by client 'Nekrosis'(id:8)
2016-11-06 18:05:15.806924|INFO    |VirtualServer |1  |client (id:8) was removed from servergroup 'Keijo!!!!!!!!'(id:39) by client 'Nekrosis'(id:8)
2016-11-06 20:42:24.661223|INFO    |VirtualServer |1  |client (id:8) was removed from servergroup 'V.I.P'(id:36) by client 'Igna'(id:19)
2016-11-06 20:46:41.486913|INFO    |VirtualServer |1  |permission 'i_group_needed_modify_power'(id:162) with values (value:75, negated:0, skipchannel:0) was added by 'Igna1'(id:19) to servergroup 'V.I.P'(id:36)
2016-11-06 20:46:42.981998|INFO    |VirtualServer |1  |permission 'i_group_needed_member_add_power'(id:164) with values (value:75, negated:0, skipchannel:0) was added by 'Igna1'(id:19) to servergroup 'V.I.P'(id:36)
2016-11-06 20:46:44.257071|INFO    |VirtualServer |1  |permission 'i_group_needed_member_remove_power'(id:166) with values (value:75, negated:0, skipchannel:0) was added by 'Igna1'(id:19) to servergroup 'V.I.P'(id:36)
2016-11-06 21:56:48.210524|INFO    |VirtualServer |1  |client (id:7) was added to servergroup 'Salty'(id:26) by client 'Igna'(id:19)
2016-11-06 22:15:57.099236|INFO    |VirtualServer |1  |client (id:9) was removed from servergroup 'LoL'(id:16) by client 'rasals'(id:6)
2016-11-06 22:16:00.958457|INFO    |VirtualServer |1  |client (id:9) was removed from servergroup 'Keijo!!!!!!!!'(id:39) by client 'rasals'(id:6)
2016-11-06 22:16:04.856680|INFO    |VirtualServer |1  |client (id:9) was removed from servergroup 'Anime'(id:40) by client 'rasals'(id:6)
2016-11-06 22:16:15.537291|INFO    |VirtualServer |1  |client (id:11) was removed from servergroup 'Keijo!!!!!!!!'(id:39) by client 'Nekrosis'(id:8)
2016-11-06 22:16:30.328137|INFO    |VirtualServer |1  |client (id:9) was added to servergroup 'Verborrea'(id:42) by client 'rasals'(id:6)
2016-11-06 22:17:26.322340|INFO    |VirtualServer |1  |client (id:9) was added to servergroup 'Anime'(id:40) by client 'Greenbeing'(id:9)
2016-11-06 22:17:30.100556|INFO    |VirtualServer |1  |client (id:9) was added to servergroup 'Keijo!!!!!!!!'(id:39) by client 'Greenbeing'(id:9)
2016-11-06 22:17:44.572383|INFO    |VirtualServer |1  |client (id:9) was removed from servergroup 'Anime'(id:40) by client 'rasals'(id:6)
2016-11-06 22:17:47.967578|INFO    |VirtualServer |1  |client (id:9) was removed from servergroup 'Keijo!!!!!!!!'(id:39) by client 'rasals'(id:6)
2016-11-06 22:17:51.617786|INFO    |VirtualServer |1  |client (id:9) was added to servergroup 'LoL'(id:16) by client 'Greenbeing'(id:9)
2016-11-06 22:17:58.431176|INFO    |VirtualServer |1  |client (id:9) was removed from servergroup 'Autista'(id:27) by client 'rasals'(id:6)
2016-11-06 22:18:23.922634|INFO    |VirtualServer |1  |client (id:9) was added to servergroup 'Keijo!!!!!!!!'(id:39) by client 'I have to protect that smile'(id:9)
2016-11-06 22:18:28.142875|INFO    |VirtualServer |1  |client (id:9) was added to servergroup 'Verborrea'(id:42) by client 'rasals'(id:6)
2016-11-06 22:18:28.221880|INFO    |VirtualServer |1  |client (id:9) was removed from servergroup 'Keijo!!!!!!!!'(id:39) by client 'Nekrosis'(id:8)
2016-11-06 22:18:29.273940|INFO    |VirtualServer |1  |client (id:9) was added to servergroup 'Anime'(id:40) by client 'I have to protect that smile'(id:9)
2016-11-06 22:18:35.032270|INFO    |VirtualServer |1  |client (id:9) was removed from servergroup 'Anime'(id:40) by client 'Nekrosis'(id:8)
2016-11-06 22:18:35.283284|INFO    |VirtualServer |1  |client (id:9) was added to servergroup 'Keijo!!!!!!!!'(id:39) by client 'I have to protect that smile'(id:9)
2016-11-06 22:18:39.109503|INFO    |VirtualServer |1  |client (id:9) was removed from servergroup 'Keijo!!!!!!!!'(id:39) by client 'Nekrosis'(id:8)
2016-11-06 22:20:34.812121|INFO    |VirtualServer |1  |client (id:9) was added to servergroup 'Autista'(id:27) by client 'SKT OnePunchLee'(id:5)
2016-11-06 22:22:07.694433|INFO    |VirtualServer |1  |client (id:9) was added to servergroup 'Keijo!!!!!!!!'(id:39) by client 'rasals'(id:6)
2016-11-06 22:22:11.612657|INFO    |VirtualServer |1  |client (id:9) was added to servergroup 'Anime'(id:40) by client 'rasals'(id:6)
2016-11-06 22:48:48.222978|INFO    |VirtualServer |1  |client (id:13) was added to servergroup 'Autista'(id:27) by client 'rasals'(id:6)
2016-11-06 23:58:59.159830|INFO    |PktHandler    |1  |Cleaning up connection because of 12 resends of COMMAND packet
2016-11-06 23:58:59.159830|INFO    |PktHandler    |1  |Dropping client 1 because of resend timeout
2016-11-07 01:57:09.774390|INFO    |PktHandler    |1  |Dropping client 4 because of ping timeout 19 0 0
2016-11-07 01:58:41.836656|INFO    |PktHandler    |1  |Dropping client 6 because of ping timeout 19 0 0
2016-11-07 02:00:34.403094|INFO    |PktHandler    |1  |Cleaning up connection because of 10 resends of COMMAND packet
2016-11-07 02:00:34.403094|INFO    |PktHandler    |1  |Dropping client 7 because of resend timeout
2016-11-07 02:04:44.042373|INFO    |PktHandler    |1  |Dropping client 8 because of ping timeout 19 0 0
2016-11-07 02:11:07.328295|INFO    |PktHandler    |1  |Dropping client 9 because of ping timeout 19 0 0
2016-11-07 02:18:07.577332|INFO    |PktHandler    |1  |Dropping client 11 because of ping timeout 19 0 0
2016-11-07 06:13:24.227758|INFO    |VirtualServerBase|1  |stopped
