2016-10-24 11:52:58.718093|INFO    |VirtualServer |1  |listening on 0.0.0.0:9987, :::9987
2016-10-24 11:58:01.092388|INFO    |VirtualServer |1  |permission 'i_group_needed_member_add_power'(id:164) with values (value:100, negated:0, skipchannel:0) was added by 'Igna'(id:2) to servergroup 'Test'(id:29)
2016-10-24 11:58:18.461381|INFO    |VirtualServer |1  |permission 'i_group_needed_member_remove_power'(id:166) with values (value:100, negated:0, skipchannel:0) was added by 'Igna'(id:2) to servergroup 'Test'(id:29)
2016-10-24 11:59:01.021815|INFO    |VirtualServer |1  |permission 'i_group_modify_power'(id:161) with values (value:60, negated:0, skipchannel:0) was added by 'Igna'(id:2) to servergroup 'Test'(id:29)
2016-10-24 11:59:27.640338|INFO    |VirtualServer |1  |servergroup 'Test'(id:29) was deleted by 'Igna'(id:2)
2016-10-24 12:24:48.834345|INFO    |VirtualServer |1  |permission 'i_needed_modify_power_group_is_permanent'(id:32913) was deleted by 'Igna'(id:2) from servergroup 'Juanismo'(id:28)
2016-10-24 12:31:24.491976|INFO    |VirtualServer |1  |permission 'i_group_needed_modify_power'(id:162) with values (value:10) was added by 'Igna'(id:2) to channelgroup 'Mercenario'(id:7)
2016-10-24 12:31:31.637384|INFO    |VirtualServer |1  |permission 'i_group_needed_member_add_power'(id:164) with values (value:10) was added by 'Igna'(id:2) to channelgroup 'Mercenario'(id:7)
2016-10-24 12:31:37.877741|INFO    |VirtualServer |1  |permission 'i_group_needed_member_remove_power'(id:166) with values (value:10) was added by 'Igna'(id:2) to channelgroup 'Mercenario'(id:7)
2016-10-24 12:32:37.790168|INFO    |VirtualServer |1  |permission 'i_group_needed_modify_power'(id:162) with values (value:30) was added by 'Igna'(id:2) to channelgroup 'Operator'(id:6)
2016-10-24 12:32:39.595271|INFO    |VirtualServer |1  |permission 'i_group_needed_member_add_power'(id:164) with values (value:30) was added by 'Igna'(id:2) to channelgroup 'Operator'(id:6)
2016-10-24 12:32:40.756338|INFO    |VirtualServer |1  |permission 'i_group_needed_member_remove_power'(id:166) with values (value:30) was added by 'Igna'(id:2) to channelgroup 'Operator'(id:6)
2016-10-24 12:33:10.982066|INFO    |VirtualServer |1  |permission 'i_needed_modify_power_group_modify_power'(id:32929) was deleted by 'Igna'(id:2) from channelgroup 'Dictador Jr'(id:5)
2016-10-24 12:33:14.080244|INFO    |VirtualServer |1  |permission 'i_needed_modify_power_group_needed_modify_power'(id:32930) was deleted by 'Igna'(id:2) from channelgroup 'Dictador Jr'(id:5)
2016-10-24 12:33:15.265311|INFO    |VirtualServer |1  |permission 'i_needed_modify_power_group_member_add_power'(id:32931) was deleted by 'Igna'(id:2) from channelgroup 'Dictador Jr'(id:5)
2016-10-24 12:33:16.569386|INFO    |VirtualServer |1  |permission 'i_needed_modify_power_group_needed_member_add_power'(id:32932) was deleted by 'Igna'(id:2) from channelgroup 'Dictador Jr'(id:5)
2016-10-24 12:33:17.871461|INFO    |VirtualServer |1  |permission 'i_needed_modify_power_group_member_remove_power'(id:32933) was deleted by 'Igna'(id:2) from channelgroup 'Dictador Jr'(id:5)
2016-10-24 12:33:19.279541|INFO    |VirtualServer |1  |permission 'i_needed_modify_power_group_needed_member_remove_power'(id:32934) was deleted by 'Igna'(id:2) from channelgroup 'Dictador Jr'(id:5)
2016-10-24 12:33:21.035642|INFO    |VirtualServer |1  |permission 'i_needed_modify_power_permission_modify_power'(id:32935) was deleted by 'Igna'(id:2) from channelgroup 'Dictador Jr'(id:5)
2016-10-24 12:33:22.593731|INFO    |VirtualServer |1  |permission 'i_needed_modify_power_group_is_permanent'(id:32913) was deleted by 'Igna'(id:2) from channelgroup 'Dictador Jr'(id:5)
2016-10-24 12:33:37.646592|INFO    |VirtualServer |1  |permission 'i_needed_modify_power_group_modify_power'(id:32929) was deleted by 'Igna'(id:2) from channelgroup 'Operator'(id:6)
2016-10-24 12:33:39.159678|INFO    |VirtualServer |1  |permission 'i_needed_modify_power_group_needed_modify_power'(id:32930) was deleted by 'Igna'(id:2) from channelgroup 'Operator'(id:6)
2016-10-24 12:33:40.233740|INFO    |VirtualServer |1  |permission 'i_needed_modify_power_group_member_add_power'(id:32931) was deleted by 'Igna'(id:2) from channelgroup 'Operator'(id:6)
2016-10-24 12:33:41.638820|INFO    |VirtualServer |1  |permission 'i_needed_modify_power_group_needed_member_add_power'(id:32932) was deleted by 'Igna'(id:2) from channelgroup 'Operator'(id:6)
2016-10-24 12:33:42.707881|INFO    |VirtualServer |1  |permission 'i_needed_modify_power_group_member_remove_power'(id:32933) was deleted by 'Igna'(id:2) from channelgroup 'Operator'(id:6)
2016-10-24 12:33:43.988954|INFO    |VirtualServer |1  |permission 'i_needed_modify_power_group_needed_member_remove_power'(id:32934) was deleted by 'Igna'(id:2) from channelgroup 'Operator'(id:6)
2016-10-24 12:33:45.108018|INFO    |VirtualServer |1  |permission 'i_needed_modify_power_permission_modify_power'(id:32935) was deleted by 'Igna'(id:2) from channelgroup 'Operator'(id:6)
2016-10-24 12:33:46.398092|INFO    |VirtualServer |1  |permission 'i_needed_modify_power_group_is_permanent'(id:32913) was deleted by 'Igna'(id:2) from channelgroup 'Operator'(id:6)
2016-10-24 12:33:50.832346|INFO    |VirtualServer |1  |permission 'i_needed_modify_power_group_modify_power'(id:32929) was deleted by 'Igna'(id:2) from channelgroup 'Mercenario'(id:7)
2016-10-24 12:33:51.982412|INFO    |VirtualServer |1  |permission 'i_needed_modify_power_group_member_add_power'(id:32931) was deleted by 'Igna'(id:2) from channelgroup 'Mercenario'(id:7)
2016-10-24 12:33:53.059473|INFO    |VirtualServer |1  |permission 'i_needed_modify_power_group_needed_modify_power'(id:32930) was deleted by 'Igna'(id:2) from channelgroup 'Mercenario'(id:7)
2016-10-24 12:33:54.010528|INFO    |VirtualServer |1  |permission 'i_needed_modify_power_group_needed_member_add_power'(id:32932) was deleted by 'Igna'(id:2) from channelgroup 'Mercenario'(id:7)
2016-10-24 12:33:54.936581|INFO    |VirtualServer |1  |permission 'i_needed_modify_power_group_member_remove_power'(id:32933) was deleted by 'Igna'(id:2) from channelgroup 'Mercenario'(id:7)
2016-10-24 12:33:56.101647|INFO    |VirtualServer |1  |permission 'i_needed_modify_power_group_needed_member_remove_power'(id:32934) was deleted by 'Igna'(id:2) from channelgroup 'Mercenario'(id:7)
2016-10-24 12:33:57.284715|INFO    |VirtualServer |1  |permission 'i_needed_modify_power_permission_modify_power'(id:32935) was deleted by 'Igna'(id:2) from channelgroup 'Mercenario'(id:7)
2016-10-24 12:38:03.713810|INFO    |VirtualServer |1  |client (id:19) was added to servergroup 'Atlas Reactor'(id:15) by client 'asd'(id:19)
2016-10-24 12:38:21.890849|INFO    |VirtualServer |1  |client (id:19) was removed from servergroup 'Atlas Reactor'(id:15) by client 'asd'(id:19)
2016-10-24 12:41:08.181361|INFO    |VirtualServer |1  |permission 'i_needed_modify_power_group_modify_power'(id:32929) was deleted by 'Igna'(id:2) from servergroup 'Normie'(id:7)
2016-10-24 12:41:09.224420|INFO    |VirtualServer |1  |permission 'i_needed_modify_power_group_needed_modify_power'(id:32930) was deleted by 'Igna'(id:2) from servergroup 'Normie'(id:7)
2016-10-24 12:41:10.180475|INFO    |VirtualServer |1  |permission 'i_needed_modify_power_group_member_add_power'(id:32931) was deleted by 'Igna'(id:2) from servergroup 'Normie'(id:7)
2016-10-24 12:41:11.132530|INFO    |VirtualServer |1  |permission 'i_needed_modify_power_group_needed_member_add_power'(id:32932) was deleted by 'Igna'(id:2) from servergroup 'Normie'(id:7)
2016-10-24 12:41:12.033581|INFO    |VirtualServer |1  |permission 'i_needed_modify_power_group_member_remove_power'(id:32933) was deleted by 'Igna'(id:2) from servergroup 'Normie'(id:7)
2016-10-24 12:41:13.127644|INFO    |VirtualServer |1  |permission 'i_needed_modify_power_group_needed_member_remove_power'(id:32934) was deleted by 'Igna'(id:2) from servergroup 'Normie'(id:7)
2016-10-24 12:41:14.117700|INFO    |VirtualServer |1  |permission 'i_needed_modify_power_permission_modify_power'(id:32935) was deleted by 'Igna'(id:2) from servergroup 'Normie'(id:7)
2016-10-24 12:41:16.602842|INFO    |VirtualServer |1  |permission 'i_needed_modify_power_group_is_permanent'(id:32913) was deleted by 'Igna'(id:2) from servergroup 'Normie'(id:7)
2016-10-24 12:41:26.667418|INFO    |VirtualServer |1  |permission 'i_needed_modify_power_virtualserver_info_view'(id:32791) was deleted by 'Igna'(id:2) from servergroup 'Normie'(id:7)
2016-10-24 12:41:27.551469|INFO    |VirtualServer |1  |permission 'i_needed_modify_power_virtualserver_connectioninfo_view'(id:32792) was deleted by 'Igna'(id:2) from servergroup 'Normie'(id:7)
2016-10-24 12:41:28.419518|INFO    |VirtualServer |1  |permission 'i_needed_modify_power_virtualserver_channel_list'(id:32793) was deleted by 'Igna'(id:2) from servergroup 'Normie'(id:7)
2016-10-24 12:41:29.313569|INFO    |VirtualServer |1  |permission 'i_needed_modify_power_virtualserver_client_list'(id:32795) was deleted by 'Igna'(id:2) from servergroup 'Normie'(id:7)
2016-10-24 12:41:30.357629|INFO    |VirtualServer |1  |permission 'i_needed_modify_power_virtualserver_token_use'(id:32806) was deleted by 'Igna'(id:2) from servergroup 'Normie'(id:7)
2016-10-24 12:41:31.461692|INFO    |VirtualServer |1  |permission 'i_needed_modify_power_channel_info_view'(id:32849) was deleted by 'Igna'(id:2) from servergroup 'Normie'(id:7)
2016-10-24 12:41:32.501752|INFO    |VirtualServer |1  |permission 'i_needed_modify_power_channel_create_child'(id:32850) was deleted by 'Igna'(id:2) from servergroup 'Normie'(id:7)
2016-10-24 12:41:33.678819|INFO    |VirtualServer |1  |permission 'i_needed_modify_power_channel_create_permanent'(id:32851) was deleted by 'Igna'(id:2) from servergroup 'Normie'(id:7)
2016-10-24 12:41:34.874887|INFO    |VirtualServer |1  |permission 'i_needed_modify_power_channel_create_temporary'(id:32853) was deleted by 'Igna'(id:2) from servergroup 'Normie'(id:7)
2016-10-24 12:41:36.108958|INFO    |VirtualServer |1  |permission 'i_needed_modify_power_channel_create_semi_permanent'(id:32852) was deleted by 'Igna'(id:2) from servergroup 'Normie'(id:7)
2016-10-24 12:41:37.300026|INFO    |VirtualServer |1  |permission 'i_needed_modify_power_channel_create_private'(id:32854) was deleted by 'Igna'(id:2) from servergroup 'Normie'(id:7)
2016-10-24 12:41:38.437091|INFO    |VirtualServer |1  |permission 'i_needed_modify_power_channel_create_with_topic'(id:32855) was deleted by 'Igna'(id:2) from servergroup 'Normie'(id:7)
2016-10-24 12:41:39.387146|INFO    |VirtualServer |1  |permission 'i_needed_modify_power_channel_create_with_description'(id:32856) was deleted by 'Igna'(id:2) from servergroup 'Normie'(id:7)
2016-10-24 12:41:40.450206|INFO    |VirtualServer |1  |permission 'i_needed_modify_power_channel_create_with_password'(id:32857) was deleted by 'Igna'(id:2) from servergroup 'Normie'(id:7)
2016-10-24 12:41:42.797341|INFO    |VirtualServer |1  |permission 'i_needed_modify_power_channel_create_modify_with_codec_speex8'(id:32858) was deleted by 'Igna'(id:2) from servergroup 'Normie'(id:7)
2016-10-24 12:41:43.787397|INFO    |VirtualServer |1  |permission 'i_needed_modify_power_channel_create_modify_with_codec_speex16'(id:32859) was deleted by 'Igna'(id:2) from servergroup 'Normie'(id:7)
2016-10-24 12:41:44.814456|INFO    |VirtualServer |1  |permission 'i_needed_modify_power_channel_create_modify_with_codec_speex32'(id:32860) was deleted by 'Igna'(id:2) from servergroup 'Normie'(id:7)
2016-10-24 12:41:45.738509|INFO    |VirtualServer |1  |permission 'i_needed_modify_power_channel_create_modify_with_codec_celtmono48'(id:32861) was deleted by 'Igna'(id:2) from servergroup 'Normie'(id:7)
2016-10-24 12:41:46.987580|INFO    |VirtualServer |1  |permission 'i_needed_modify_power_channel_create_modify_with_codec_opusvoice'(id:32862) was deleted by 'Igna'(id:2) from servergroup 'Normie'(id:7)
2016-10-24 12:41:48.073642|INFO    |VirtualServer |1  |permission 'i_needed_modify_power_channel_create_modify_with_codec_opusmusic'(id:32863) was deleted by 'Igna'(id:2) from servergroup 'Normie'(id:7)
2016-10-24 12:41:49.130703|INFO    |VirtualServer |1  |permission 'i_needed_modify_power_channel_create_modify_with_codec_maxquality'(id:32864) was deleted by 'Igna'(id:2) from servergroup 'Normie'(id:7)
2016-10-24 12:41:50.331772|INFO    |VirtualServer |1  |permission 'i_needed_modify_power_channel_create_modify_with_codec_latency_factor_min'(id:32865) was deleted by 'Igna'(id:2) from servergroup 'Normie'(id:7)
2016-10-24 12:41:51.478837|INFO    |VirtualServer |1  |permission 'i_needed_modify_power_channel_create_with_maxclients'(id:32866) was deleted by 'Igna'(id:2) from servergroup 'Normie'(id:7)
2016-10-24 12:41:54.835029|INFO    |VirtualServer |1  |permission 'i_needed_modify_power_channel_create_with_maxfamilyclients'(id:32867) was deleted by 'Igna'(id:2) from servergroup 'Normie'(id:7)
2016-10-24 12:41:55.830086|INFO    |VirtualServer |1  |permission 'i_needed_modify_power_channel_create_with_sortorder'(id:32868) was deleted by 'Igna'(id:2) from servergroup 'Normie'(id:7)
2016-10-24 12:41:56.719137|INFO    |VirtualServer |1  |permission 'i_needed_modify_power_channel_create_with_default'(id:32869) was deleted by 'Igna'(id:2) from servergroup 'Normie'(id:7)
2016-10-24 12:41:57.625189|INFO    |VirtualServer |1  |permission 'i_needed_modify_power_channel_create_with_needed_talk_power'(id:32870) was deleted by 'Igna'(id:2) from servergroup 'Normie'(id:7)
2016-10-24 12:41:58.595244|INFO    |VirtualServer |1  |permission 'i_needed_modify_power_channel_create_modify_with_force_password'(id:32871) was deleted by 'Igna'(id:2) from servergroup 'Normie'(id:7)
2016-10-24 12:41:59.792313|INFO    |VirtualServer |1  |permission 'i_needed_modify_power_channel_create_modify_with_temp_delete_delay'(id:32872) was deleted by 'Igna'(id:2) from servergroup 'Normie'(id:7)
2016-10-24 12:42:00.685364|INFO    |VirtualServer |1  |permission 'i_needed_modify_power_channel_modify_power'(id:32889) was deleted by 'Igna'(id:2) from servergroup 'Normie'(id:7)
2016-10-24 12:42:01.692421|INFO    |VirtualServer |1  |permission 'i_needed_modify_power_channel_join_permanent'(id:32899) was deleted by 'Igna'(id:2) from servergroup 'Normie'(id:7)
2016-10-24 12:42:02.889490|INFO    |VirtualServer |1  |permission 'i_needed_modify_power_channel_join_temporary'(id:32901) was deleted by 'Igna'(id:2) from servergroup 'Normie'(id:7)
2016-10-24 12:42:03.883547|INFO    |VirtualServer |1  |permission 'i_needed_modify_power_channel_join_semi_permanent'(id:32900) was deleted by 'Igna'(id:2) from servergroup 'Normie'(id:7)
2016-10-24 12:42:04.881604|INFO    |VirtualServer |1  |permission 'i_needed_modify_power_channel_join_power'(id:32904) was deleted by 'Igna'(id:2) from servergroup 'Normie'(id:7)
2016-10-24 12:42:06.064671|INFO    |VirtualServer |1  |permission 'i_needed_modify_power_channel_subscribe_power'(id:32906) was deleted by 'Igna'(id:2) from servergroup 'Normie'(id:7)
2016-10-24 12:42:07.101731|INFO    |VirtualServer |1  |permission 'i_needed_modify_power_channel_description_view_power'(id:32908) was deleted by 'Igna'(id:2) from servergroup 'Normie'(id:7)
2016-10-24 12:42:08.121789|INFO    |VirtualServer |1  |permission 'i_needed_modify_power_channel_max_depth'(id:32845) was deleted by 'Igna'(id:2) from servergroup 'Normie'(id:7)
2016-10-24 12:42:09.703880|INFO    |VirtualServer |1  |permission 'i_needed_modify_power_virtualserver_servergroup_create'(id:32927) was deleted by 'Igna'(id:2) from servergroup 'Normie'(id:7)
2016-10-24 12:42:11.274969|INFO    |VirtualServer |1  |permission 'i_needed_modify_power_virtualserver_channelgroup_create'(id:32928) was deleted by 'Igna'(id:2) from servergroup 'Normie'(id:7)
2016-10-24 12:42:13.349088|INFO    |VirtualServer |1  |permission 'i_needed_modify_power_virtualserver_servergroup_delete'(id:32937) was deleted by 'Igna'(id:2) from servergroup 'Normie'(id:7)
2016-10-24 12:42:14.800171|INFO    |VirtualServer |1  |permission 'i_needed_modify_power_virtualserver_channelgroup_delete'(id:32938) was deleted by 'Igna'(id:2) from servergroup 'Normie'(id:7)
2016-10-24 12:42:15.900234|INFO    |VirtualServer |1  |permission 'i_needed_modify_power_client_info_view'(id:32957) was deleted by 'Igna'(id:2) from servergroup 'Normie'(id:7)
2016-10-24 12:42:16.932293|INFO    |VirtualServer |1  |permission 'i_needed_modify_power_client_permissionoverview_view'(id:32958) was deleted by 'Igna'(id:2) from servergroup 'Normie'(id:7)
2016-10-24 12:42:17.834345|INFO    |VirtualServer |1  |permission 'i_needed_modify_power_client_permissionoverview_own'(id:32959) was deleted by 'Igna'(id:2) from servergroup 'Normie'(id:7)
2016-10-24 12:42:18.704394|INFO    |VirtualServer |1  |permission 'i_needed_modify_power_client_needed_serverquery_view_power'(id:32962) was deleted by 'Igna'(id:2) from servergroup 'Normie'(id:7)
2016-10-24 12:42:20.269484|INFO    |VirtualServer |1  |permission 'i_needed_modify_power_client_needed_kick_from_server_power'(id:32965) was deleted by 'Igna'(id:2) from servergroup 'Normie'(id:7)
2016-10-24 12:42:21.701566|INFO    |VirtualServer |1  |permission 'i_needed_modify_power_client_needed_ban_power'(id:32969) was deleted by 'Igna'(id:2) from servergroup 'Normie'(id:7)
2016-10-24 12:42:22.774627|INFO    |VirtualServer |1  |permission 'i_needed_modify_power_client_needed_kick_from_channel_power'(id:32967) was deleted by 'Igna'(id:2) from servergroup 'Normie'(id:7)
2016-10-24 12:42:23.655678|INFO    |VirtualServer |1  |permission 'i_needed_modify_power_client_needed_move_power'(id:32971) was deleted by 'Igna'(id:2) from servergroup 'Normie'(id:7)
2016-10-24 12:42:25.101760|INFO    |VirtualServer |1  |permission 'i_needed_modify_power_client_complain_power'(id:32972) was deleted by 'Igna'(id:2) from servergroup 'Normie'(id:7)
2016-10-24 12:42:25.969810|INFO    |VirtualServer |1  |permission 'i_needed_modify_power_client_needed_complain_power'(id:32973) was deleted by 'Igna'(id:2) from servergroup 'Normie'(id:7)
2016-10-24 12:42:27.012870|INFO    |VirtualServer |1  |permission 'i_needed_modify_power_client_private_textmessage_power'(id:32982) was deleted by 'Igna'(id:2) from servergroup 'Normie'(id:7)
2016-10-24 12:42:57.537616|INFO    |VirtualServer |1  |permission 'i_needed_modify_power_virtualserver_info_view'(id:32791) was deleted by 'Igna'(id:2) from servergroup 'Autista'(id:27)
2016-10-24 12:42:58.577675|INFO    |VirtualServer |1  |permission 'i_needed_modify_power_virtualserver_connectioninfo_view'(id:32792) was deleted by 'Igna'(id:2) from servergroup 'Autista'(id:27)
2016-10-24 12:42:59.669737|INFO    |VirtualServer |1  |permission 'i_needed_modify_power_virtualserver_channel_list'(id:32793) was deleted by 'Igna'(id:2) from servergroup 'Autista'(id:27)
2016-10-24 12:43:00.660794|INFO    |VirtualServer |1  |permission 'i_needed_modify_power_virtualserver_client_list'(id:32795) was deleted by 'Igna'(id:2) from servergroup 'Autista'(id:27)
2016-10-24 12:43:01.656851|INFO    |VirtualServer |1  |permission 'i_needed_modify_power_virtualserver_token_use'(id:32806) was deleted by 'Igna'(id:2) from servergroup 'Autista'(id:27)
2016-10-24 12:43:02.802917|INFO    |VirtualServer |1  |permission 'i_needed_modify_power_channel_info_view'(id:32849) was deleted by 'Igna'(id:2) from servergroup 'Autista'(id:27)
2016-10-24 12:43:04.174995|INFO    |VirtualServer |1  |permission 'i_needed_modify_power_channel_create_child'(id:32850) was deleted by 'Igna'(id:2) from servergroup 'Autista'(id:27)
2016-10-24 12:43:05.341062|INFO    |VirtualServer |1  |permission 'i_needed_modify_power_channel_create_permanent'(id:32851) was deleted by 'Igna'(id:2) from servergroup 'Autista'(id:27)
2016-10-24 12:43:06.902151|INFO    |VirtualServer |1  |permission 'i_needed_modify_power_channel_create_semi_permanent'(id:32852) was deleted by 'Igna'(id:2) from servergroup 'Autista'(id:27)
2016-10-24 12:43:08.268229|INFO    |VirtualServer |1  |permission 'i_needed_modify_power_channel_create_temporary'(id:32853) was deleted by 'Igna'(id:2) from servergroup 'Autista'(id:27)
2016-10-24 12:43:09.715312|INFO    |VirtualServer |1  |permission 'i_needed_modify_power_channel_create_private'(id:32854) was deleted by 'Igna'(id:2) from servergroup 'Autista'(id:27)
2016-10-24 12:43:10.992385|INFO    |VirtualServer |1  |permission 'i_needed_modify_power_channel_create_with_topic'(id:32855) was deleted by 'Igna'(id:2) from servergroup 'Autista'(id:27)
2016-10-24 12:43:12.127450|INFO    |VirtualServer |1  |permission 'i_needed_modify_power_channel_create_with_description'(id:32856) was deleted by 'Igna'(id:2) from servergroup 'Autista'(id:27)
2016-10-24 12:43:14.274573|INFO    |VirtualServer |1  |permission 'i_needed_modify_power_channel_create_with_password'(id:32857) was deleted by 'Igna'(id:2) from servergroup 'Autista'(id:27)
2016-10-24 12:43:15.160624|INFO    |VirtualServer |1  |permission 'i_needed_modify_power_channel_create_modify_with_codec_speex8'(id:32858) was deleted by 'Igna'(id:2) from servergroup 'Autista'(id:27)
2016-10-24 12:43:16.286688|INFO    |VirtualServer |1  |permission 'i_needed_modify_power_channel_create_modify_with_codec_speex16'(id:32859) was deleted by 'Igna'(id:2) from servergroup 'Autista'(id:27)
2016-10-24 12:43:17.219741|INFO    |VirtualServer |1  |permission 'i_needed_modify_power_channel_create_modify_with_codec_speex32'(id:32860) was deleted by 'Igna'(id:2) from servergroup 'Autista'(id:27)
2016-10-24 12:43:18.365807|INFO    |VirtualServer |1  |permission 'i_needed_modify_power_channel_create_modify_with_codec_celtmono48'(id:32861) was deleted by 'Igna'(id:2) from servergroup 'Autista'(id:27)
2016-10-24 12:43:19.560875|INFO    |VirtualServer |1  |permission 'i_needed_modify_power_channel_create_modify_with_codec_opusmusic'(id:32863) was deleted by 'Igna'(id:2) from servergroup 'Autista'(id:27)
2016-10-24 12:43:20.807947|INFO    |VirtualServer |1  |permission 'i_needed_modify_power_channel_create_modify_with_codec_opusvoice'(id:32862) was deleted by 'Igna'(id:2) from servergroup 'Autista'(id:27)
2016-10-24 12:43:21.826005|INFO    |VirtualServer |1  |permission 'i_needed_modify_power_channel_create_modify_with_codec_maxquality'(id:32864) was deleted by 'Igna'(id:2) from servergroup 'Autista'(id:27)
2016-10-24 12:43:22.874065|INFO    |VirtualServer |1  |permission 'i_needed_modify_power_channel_create_modify_with_codec_latency_factor_min'(id:32865) was deleted by 'Igna'(id:2) from servergroup 'Autista'(id:27)
2016-10-24 12:43:24.165139|INFO    |VirtualServer |1  |permission 'i_needed_modify_power_channel_create_with_maxclients'(id:32866) was deleted by 'Igna'(id:2) from servergroup 'Autista'(id:27)
2016-10-24 12:43:25.191197|INFO    |VirtualServer |1  |permission 'i_needed_modify_power_channel_create_with_maxfamilyclients'(id:32867) was deleted by 'Igna'(id:2) from servergroup 'Autista'(id:27)
2016-10-24 12:43:26.428268|INFO    |VirtualServer |1  |permission 'i_needed_modify_power_channel_create_with_sortorder'(id:32868) was deleted by 'Igna'(id:2) from servergroup 'Autista'(id:27)
2016-10-24 12:43:27.454327|INFO    |VirtualServer |1  |permission 'i_needed_modify_power_channel_create_with_default'(id:32869) was deleted by 'Igna'(id:2) from servergroup 'Autista'(id:27)
2016-10-24 12:43:28.547389|INFO    |VirtualServer |1  |permission 'i_needed_modify_power_channel_create_with_needed_talk_power'(id:32870) was deleted by 'Igna'(id:2) from servergroup 'Autista'(id:27)
2016-10-24 12:43:29.504444|INFO    |VirtualServer |1  |permission 'i_needed_modify_power_channel_create_modify_with_force_password'(id:32871) was deleted by 'Igna'(id:2) from servergroup 'Autista'(id:27)
2016-10-24 12:43:30.638509|INFO    |VirtualServer |1  |permission 'i_needed_modify_power_channel_create_modify_with_temp_delete_delay'(id:32872) was deleted by 'Igna'(id:2) from servergroup 'Autista'(id:27)
2016-10-24 12:43:32.407610|INFO    |VirtualServer |1  |permission 'i_needed_modify_power_channel_modify_power'(id:32889) was deleted by 'Igna'(id:2) from servergroup 'Autista'(id:27)
2016-10-24 12:43:33.519674|INFO    |VirtualServer |1  |permission 'i_needed_modify_power_channel_join_permanent'(id:32899) was deleted by 'Igna'(id:2) from servergroup 'Autista'(id:27)
2016-10-24 12:43:34.584735|INFO    |VirtualServer |1  |permission 'i_needed_modify_power_channel_join_semi_permanent'(id:32900) was deleted by 'Igna'(id:2) from servergroup 'Autista'(id:27)
2016-10-24 12:43:35.750801|INFO    |VirtualServer |1  |permission 'i_needed_modify_power_channel_join_temporary'(id:32901) was deleted by 'Igna'(id:2) from servergroup 'Autista'(id:27)
2016-10-24 12:43:36.781860|INFO    |VirtualServer |1  |permission 'i_needed_modify_power_channel_join_power'(id:32904) was deleted by 'Igna'(id:2) from servergroup 'Autista'(id:27)
2016-10-24 12:43:37.844921|INFO    |VirtualServer |1  |permission 'i_needed_modify_power_channel_subscribe_power'(id:32906) was deleted by 'Igna'(id:2) from servergroup 'Autista'(id:27)
2016-10-24 12:43:38.846978|INFO    |VirtualServer |1  |permission 'i_needed_modify_power_channel_description_view_power'(id:32908) was deleted by 'Igna'(id:2) from servergroup 'Autista'(id:27)
2016-10-24 12:43:39.900039|INFO    |VirtualServer |1  |permission 'i_needed_modify_power_channel_max_depth'(id:32845) was deleted by 'Igna'(id:2) from servergroup 'Autista'(id:27)
2016-10-24 12:43:42.084163|INFO    |VirtualServer |1  |permission 'i_needed_modify_power_virtualserver_servergroup_create'(id:32927) was deleted by 'Igna'(id:2) from servergroup 'Autista'(id:27)
2016-10-24 12:43:43.264231|INFO    |VirtualServer |1  |permission 'i_needed_modify_power_virtualserver_channelgroup_create'(id:32928) was deleted by 'Igna'(id:2) from servergroup 'Autista'(id:27)
2016-10-24 12:43:44.460299|INFO    |VirtualServer |1  |permission 'i_needed_modify_power_group_modify_power'(id:32929) was deleted by 'Igna'(id:2) from servergroup 'Autista'(id:27)
2016-10-24 12:43:45.554362|INFO    |VirtualServer |1  |permission 'i_needed_modify_power_group_needed_modify_power'(id:32930) was deleted by 'Igna'(id:2) from servergroup 'Autista'(id:27)
2016-10-24 12:43:46.561420|INFO    |VirtualServer |1  |permission 'i_needed_modify_power_group_member_add_power'(id:32931) was deleted by 'Igna'(id:2) from servergroup 'Autista'(id:27)
2016-10-24 12:43:47.559477|INFO    |VirtualServer |1  |permission 'i_needed_modify_power_group_needed_member_add_power'(id:32932) was deleted by 'Igna'(id:2) from servergroup 'Autista'(id:27)
2016-10-24 12:43:48.499530|INFO    |VirtualServer |1  |permission 'i_needed_modify_power_group_member_remove_power'(id:32933) was deleted by 'Igna'(id:2) from servergroup 'Autista'(id:27)
2016-10-24 12:43:49.508588|INFO    |VirtualServer |1  |permission 'i_needed_modify_power_group_needed_member_remove_power'(id:32934) was deleted by 'Igna'(id:2) from servergroup 'Autista'(id:27)
2016-10-24 12:43:50.460643|INFO    |VirtualServer |1  |permission 'i_needed_modify_power_permission_modify_power'(id:32935) was deleted by 'Igna'(id:2) from servergroup 'Autista'(id:27)
2016-10-24 12:43:51.668712|INFO    |VirtualServer |1  |permission 'i_needed_modify_power_virtualserver_servergroup_delete'(id:32937) was deleted by 'Igna'(id:2) from servergroup 'Autista'(id:27)
2016-10-24 12:43:53.878838|INFO    |VirtualServer |1  |permission 'i_needed_modify_power_virtualserver_channelgroup_delete'(id:32938) was deleted by 'Igna'(id:2) from servergroup 'Autista'(id:27)
2016-10-24 12:43:54.995902|INFO    |VirtualServer |1  |permission 'i_needed_modify_power_group_is_permanent'(id:32913) was deleted by 'Igna'(id:2) from servergroup 'Autista'(id:27)
2016-10-24 12:43:56.714000|INFO    |VirtualServer |1  |permission 'i_needed_modify_power_client_info_view'(id:32957) was deleted by 'Igna'(id:2) from servergroup 'Autista'(id:27)
2016-10-24 12:43:57.937070|INFO    |VirtualServer |1  |permission 'i_needed_modify_power_client_permissionoverview_view'(id:32958) was deleted by 'Igna'(id:2) from servergroup 'Autista'(id:27)
2016-10-24 12:43:59.008131|INFO    |VirtualServer |1  |permission 'i_needed_modify_power_client_permissionoverview_own'(id:32959) was deleted by 'Igna'(id:2) from servergroup 'Autista'(id:27)
2016-10-24 12:44:00.154197|INFO    |VirtualServer |1  |permission 'i_needed_modify_power_client_needed_serverquery_view_power'(id:32962) was deleted by 'Igna'(id:2) from servergroup 'Autista'(id:27)
2016-10-24 12:44:02.094308|INFO    |VirtualServer |1  |permission 'i_needed_modify_power_client_needed_kick_from_server_power'(id:32965) was deleted by 'Igna'(id:2) from servergroup 'Autista'(id:27)
2016-10-24 12:44:03.340379|INFO    |VirtualServer |1  |permission 'i_needed_modify_power_client_needed_kick_from_channel_power'(id:32967) was deleted by 'Igna'(id:2) from servergroup 'Autista'(id:27)
2016-10-24 12:44:04.484445|INFO    |VirtualServer |1  |permission 'i_needed_modify_power_client_needed_ban_power'(id:32969) was deleted by 'Igna'(id:2) from servergroup 'Autista'(id:27)
2016-10-24 12:44:06.091537|INFO    |VirtualServer |1  |permission 'i_needed_modify_power_client_needed_move_power'(id:32971) was deleted by 'Igna'(id:2) from servergroup 'Autista'(id:27)
2016-10-24 12:44:07.317607|INFO    |VirtualServer |1  |permission 'i_needed_modify_power_client_complain_power'(id:32972) was deleted by 'Igna'(id:2) from servergroup 'Autista'(id:27)
2016-10-24 12:44:08.343665|INFO    |VirtualServer |1  |permission 'i_needed_modify_power_client_needed_complain_power'(id:32973) was deleted by 'Igna'(id:2) from servergroup 'Autista'(id:27)
2016-10-24 12:44:09.283719|INFO    |VirtualServer |1  |permission 'i_needed_modify_power_client_private_textmessage_power'(id:32982) was deleted by 'Igna'(id:2) from servergroup 'Autista'(id:27)
2016-10-24 12:44:22.958501|INFO    |VirtualServer |1  |client (id:19) was added to servergroup 'Autista'(id:27) by client 'asd'(id:19)
2016-10-24 12:46:16.644004|INFO    |VirtualServer |1  |client (id:20) was added to servergroup 'Autista'(id:27) by client 'asd'(id:19)
2016-10-24 12:46:26.038541|INFO    |VirtualServer |1  |client (id:20) was added to servergroup 'Juanismo'(id:28) by client 'asd'(id:19)
2016-10-24 12:46:30.343787|INFO    |VirtualServer |1  |client (id:20) was removed from servergroup 'Juanismo'(id:28) by client 'asd'(id:19)
2016-10-24 12:46:48.925850|INFO    |VirtualServer |1  |client (id:20) was added to servergroup 'Atlas Reactor'(id:15) by client 'asd'(id:19)
2016-10-24 12:48:35.134925|INFO    |VirtualServer |1  |permission 'i_group_needed_member_add_power'(id:164) was deleted by 'Igna'(id:2) from servergroup 'Server Admin'(id:6)
2016-10-24 12:48:39.012147|INFO    |VirtualServer |1  |permission 'i_group_needed_member_add_power'(id:164) with values (value:75, negated:0, skipchannel:0) was added by 'Igna'(id:2) to servergroup 'Server Admin'(id:6)
2016-10-24 12:48:40.699243|INFO    |VirtualServer |1  |permission 'i_group_needed_member_add_power'(id:164) was deleted by 'Igna'(id:2) from servergroup 'Server Admin'(id:6)
2016-10-24 12:49:59.248736|INFO    |VirtualServer |1  |permission 'i_group_needed_member_add_power'(id:164) with values (value:75, negated:0, skipchannel:0) was added by 'Igna'(id:2) to servergroup 'Server Admin'(id:6)
2016-10-24 12:56:43.316847|INFO    |VirtualServer |1  |permission 'i_group_member_add_power'(id:163) with values (value:1, negated:0, skipchannel:0) was added by 'Igna'(id:2) to servergroup 'Normie'(id:7)
2016-10-24 12:56:44.080891|INFO    |VirtualServer |1  |permission 'i_group_needed_member_add_power'(id:164) with values (value:1, negated:0, skipchannel:0) was added by 'Igna'(id:2) to servergroup 'Normie'(id:7)
2016-10-24 12:56:44.783931|INFO    |VirtualServer |1  |permission 'i_group_member_remove_power'(id:165) with values (value:1, negated:0, skipchannel:0) was added by 'Igna'(id:2) to servergroup 'Normie'(id:7)
2016-10-24 12:56:47.531088|INFO    |VirtualServer |1  |permission 'i_group_needed_member_remove_power'(id:166) with values (value:1, negated:0, skipchannel:0) was added by 'Igna'(id:2) to servergroup 'Normie'(id:7)
2016-10-24 12:56:49.613208|INFO    |VirtualServer |1  |permission 'i_group_member_add_power'(id:163) with values (value:1, negated:0, skipchannel:0) was added by 'Igna'(id:2) to servergroup 'Autista'(id:27)
2016-10-24 12:56:50.322248|INFO    |VirtualServer |1  |permission 'i_group_needed_member_add_power'(id:164) with values (value:1, negated:0, skipchannel:0) was added by 'Igna'(id:2) to servergroup 'Autista'(id:27)
2016-10-24 12:56:50.863279|INFO    |VirtualServer |1  |permission 'i_group_member_remove_power'(id:165) with values (value:1, negated:0, skipchannel:0) was added by 'Igna'(id:2) to servergroup 'Autista'(id:27)
2016-10-24 12:56:52.114351|INFO    |VirtualServer |1  |permission 'i_group_needed_member_remove_power'(id:166) with values (value:1, negated:0, skipchannel:0) was added by 'Igna'(id:2) to servergroup 'Autista'(id:27)
2016-10-24 12:57:10.968429|INFO    |VirtualServer |1  |permission 'i_group_needed_member_add_power'(id:164) was deleted by 'Igna'(id:2) from servergroup 'Autista'(id:27)
2016-10-24 12:57:12.874538|INFO    |VirtualServer |1  |permission 'i_group_needed_member_remove_power'(id:166) was deleted by 'Igna'(id:2) from servergroup 'Autista'(id:27)
2016-10-24 12:57:26.114295|INFO    |VirtualServer |1  |permission 'i_group_needed_member_add_power'(id:164) was deleted by 'Igna'(id:2) from servergroup 'Normie'(id:7)
2016-10-24 12:57:27.101352|INFO    |VirtualServer |1  |permission 'i_group_needed_member_remove_power'(id:166) was deleted by 'Igna'(id:2) from servergroup 'Normie'(id:7)
2016-10-24 12:58:30.736991|INFO    |VirtualServer |1  |permission 'i_group_needed_member_add_power'(id:164) with values (value:10, negated:0, skipchannel:0) was added by 'Igna'(id:2) to servergroup 'Autista'(id:27)
2016-10-24 12:58:44.226763|INFO    |VirtualServer |1  |client (id:20) was removed from servergroup 'Autista'(id:27) by client 'asd1'(id:20)
2016-10-24 12:58:47.930975|INFO    |VirtualServer |1  |client (id:20) was added to servergroup 'Normie'(id:7) by client 'asd1'(id:20)
2016-10-24 12:58:54.003322|INFO    |VirtualServer |1  |client (id:19) was added to servergroup 'GW2'(id:17) by client 'asd1'(id:20)
2016-10-24 12:58:57.735536|INFO    |VirtualServer |1  |client (id:19) was removed from servergroup 'GW2'(id:17) by client 'asd1'(id:20)
2016-10-24 12:59:16.766624|INFO    |VirtualServer |1  |permission 'i_group_needed_modify_power'(id:162) with values (value:10, negated:0, skipchannel:0) was added by 'Igna'(id:2) to servergroup 'Autista'(id:27)
2016-10-24 12:59:28.828314|INFO    |VirtualServer |1  |client (id:19) was added to servergroup 'CSGO'(id:14) by client 'asd1'(id:20)
2016-10-24 12:59:33.197564|INFO    |VirtualServer |1  |client (id:19) was removed from servergroup 'CSGO'(id:14) by client 'asd1'(id:20)
2016-10-24 13:01:14.662367|INFO    |VirtualServer |1  |permission 'i_group_needed_modify_power'(id:162) was deleted by 'Igna'(id:2) from servergroup 'Autista'(id:27)
2016-10-24 13:01:15.427411|INFO    |VirtualServer |1  |permission 'i_group_member_add_power'(id:163) was deleted by 'Igna'(id:2) from servergroup 'Autista'(id:27)
2016-10-24 13:01:16.171454|INFO    |VirtualServer |1  |permission 'i_group_needed_member_add_power'(id:164) was deleted by 'Igna'(id:2) from servergroup 'Autista'(id:27)
2016-10-24 13:01:16.997501|INFO    |VirtualServer |1  |permission 'i_group_member_remove_power'(id:165) was deleted by 'Igna'(id:2) from servergroup 'Autista'(id:27)
2016-10-24 13:01:19.468642|INFO    |VirtualServer |1  |permission 'i_group_member_add_power'(id:163) was deleted by 'Igna'(id:2) from servergroup 'Normie'(id:7)
2016-10-24 13:01:20.442698|INFO    |VirtualServer |1  |permission 'i_group_member_remove_power'(id:165) was deleted by 'Igna'(id:2) from servergroup 'Normie'(id:7)
2016-10-24 13:01:28.757174|INFO    |VirtualServer |1  |client (id:19) was added to servergroup 'Juanismo'(id:28) by client 'asd1'(id:20)
2016-10-24 13:01:32.141367|INFO    |VirtualServer |1  |client (id:19) was removed from servergroup 'Juanismo'(id:28) by client 'asd1'(id:20)
2016-10-24 13:03:34.974393|INFO    |VirtualServer |1  |permission 'i_client_needed_permission_modify_power'(id:172) with values (value:10, negated:0, skipchannel:0) was added by 'Igna'(id:2) to servergroup 'Normie'(id:7)
2016-10-24 13:04:47.503541|INFO    |VirtualServer |1  |client (id:19) was added to servergroup 'CSGO'(id:14) by client 'asd'(id:19)
2016-10-24 13:04:50.581717|INFO    |VirtualServer |1  |client (id:19) was removed from servergroup 'CSGO'(id:14) by client 'asd'(id:19)
2016-10-24 13:05:38.450455|INFO    |VirtualServer |1  |permission 'i_client_needed_permission_modify_power'(id:172) was deleted by 'Igna'(id:2) from servergroup 'Normie'(id:7)
2016-10-24 13:06:28.566322|INFO    |VirtualServer |1  |permission 'i_client_needed_permission_modify_power'(id:172) was deleted by 'Igna'(id:2) from servergroup 'Server Admin'(id:6)
2016-10-24 13:06:54.814823|INFO    |VirtualServer |1  |client (id:2) was added to servergroup 'Juanismo'(id:28) by client 'asd1'(id:20)
2016-10-24 13:07:00.533150|INFO    |VirtualServer |1  |client (id:2) was removed from servergroup 'Juanismo'(id:28) by client 'asd1'(id:20)
2016-10-24 13:09:05.896321|INFO    |VirtualServer |1  |permission 'b_virtualserver_servergroup_delete'(id:169) with values (value:1, negated:0, skipchannel:0) was added by 'Igna'(id:2) to servergroup 'Atlas Reactor'(id:15)
2016-10-24 13:09:07.611419|INFO    |VirtualServer |1  |permission 'b_virtualserver_servergroup_delete'(id:169) was deleted by 'Igna'(id:2) from servergroup 'Atlas Reactor'(id:15)
2016-10-24 13:09:37.479127|INFO    |VirtualServer |1  |permission 'i_group_needed_member_remove_power'(id:166) with values (value:10, negated:0, skipchannel:0) was added by 'Igna'(id:2) to servergroup 'Atlas Reactor'(id:15)
2016-10-24 13:09:50.745886|INFO    |VirtualServer |1  |permission 'i_group_needed_member_add_power'(id:164) with values (value:10, negated:0, skipchannel:0) was added by 'Igna'(id:2) to servergroup 'Atlas Reactor'(id:15)
2016-10-24 13:10:14.038218|INFO    |VirtualServer |1  |client (id:2) was removed from servergroup 'Atlas Reactor'(id:15) by client 'Igna'(id:2)
2016-10-24 13:10:17.349407|INFO    |VirtualServer |1  |client (id:2) was added to servergroup 'Atlas Reactor'(id:15) by client 'Igna'(id:2)
2016-10-24 13:10:38.626624|INFO    |VirtualServer |1  |client (id:2) was removed from servergroup 'Diablo 3'(id:19) by client 'asd1'(id:20)
2016-10-24 13:10:51.721373|INFO    |VirtualServer |1  |client (id:2) was added to servergroup 'Diablo 3'(id:19) by client 'asd1'(id:20)
2016-10-24 13:11:18.705917|INFO    |VirtualServer |1  |permission 'i_group_needed_member_add_power'(id:164) with values (value:10, negated:0, skipchannel:0) was added by 'Igna'(id:2) to servergroup 'Diablo 3'(id:19)
2016-10-24 13:11:19.988990|INFO    |VirtualServer |1  |permission 'i_group_needed_member_remove_power'(id:166) with values (value:10, negated:0, skipchannel:0) was added by 'Igna'(id:2) to servergroup 'Diablo 3'(id:19)
2016-10-24 13:12:40.989623|INFO    |VirtualServer |1  |client (id:2) was added to servergroup 'CSGO'(id:14) by client 'asd1'(id:20)
2016-10-24 13:12:44.293812|INFO    |VirtualServer |1  |client (id:2) was removed from servergroup 'CSGO'(id:14) by client 'asd1'(id:20)
2016-10-24 13:13:06.145062|INFO    |VirtualServer |1  |client (id:2) was added to servergroup 'Juanismo'(id:28) by client 'asd1'(id:20)
2016-10-24 13:13:11.095345|INFO    |VirtualServer |1  |client (id:2) was removed from servergroup 'Juanismo'(id:28) by client 'asd1'(id:20)
2016-10-24 17:42:06.377230|INFO    |VirtualServerBase|1  |stopped
